[ +346 ms] Artifact Instance of 'AndroidGenSnapshotArtifacts' is not required, skipping update.
[   +6 ms] Artifact Instance of 'AndroidInternalBuildArtifacts' is not required, skipping update.
[        ] Artifact Instance of 'IOSEngineArtifacts' is not required, skipping update.
[        ] Artifact Instance of 'FlutterWebSdk' is not required, skipping update.
[        ] Artifact Instance of 'LegacyCanvasKitRemover' is not required, skipping update.
[   +8 ms] Artifact Instance of 'WindowsEngineArtifacts' is not required, skipping update.
[        ] Artifact Instance of 'MacOSEngineArtifacts' is not required, skipping update.
[        ] Artifact Instance of 'LinuxEngineArtifacts' is not required, skipping update.
[        ] Artifact Instance of 'LinuxFuchsiaSDKArtifacts' is not required, skipping update.
[        ] Artifact Instance of 'MacOSFuchsiaSDKArtifacts' is not required, skipping update.
[        ] Artifact Instance of 'FlutterRunnerSDKArtifacts' is not required, skipping update.
[        ] Artifact Instance of 'FlutterRunnerDebugSymbols' is not required, skipping update.
[  +81 ms] Artifact Instance of 'MaterialFonts' is not required, skipping update.
[        ] Artifact Instance of 'GradleWrapper' is not required, skipping update.
[   +4 ms] Artifact Instance of 'AndroidInternalBuildArtifacts' is not required, skipping update.
[        ] Artifact Instance of 'IOSEngineArtifacts' is not required, skipping update.
[        ] Artifact Instance of 'FlutterWebSdk' is not required, skipping update.
[        ] Artifact Instance of 'LegacyCanvasKitRemover' is not required, skipping update.
[        ] Artifact Instance of 'FlutterSdk' is not required, skipping update.
[        ] Artifact Instance of 'WindowsEngineArtifacts' is not required, skipping update.
[        ] Artifact Instance of 'MacOSEngineArtifacts' is not required, skipping update.
[        ] Artifact Instance of 'LinuxEngineArtifacts' is not required, skipping update.
[        ] Artifact Instance of 'LinuxFuchsiaSDKArtifacts' is not required, skipping update.
[        ] Artifact Instance of 'MacOSFuchsiaSDKArtifacts' is not required, skipping update.
[        ] Artifact Instance of 'FlutterRunnerSDKArtifacts' is not required, skipping update.
[        ] Artifact Instance of 'FlutterRunnerDebugSymbols' is not required, skipping update.
[        ] Artifact Instance of 'IosUsbArtifacts' is not required, skipping update.
[        ] Artifact Instance of 'IosUsbArtifacts' is not required, skipping update.
[        ] Artifact Instance of 'IosUsbArtifacts' is not required, skipping update.
[        ] Artifact Instance of 'IosUsbArtifacts' is not required, skipping update.
[        ] Artifact Instance of 'IosUsbArtifacts' is not required, skipping update.
[        ] Artifact Instance of 'FontSubsetArtifacts' is not required, skipping update.
[        ] Artifact Instance of 'PubDependencies' is not required, skipping update.
[ +145 ms] Skipping pub get: version match.
[  +34 ms] Found plugin app_links at C:\Users\deshm\AppData\Local\Pub\Cache\hosted\pub.dev\app_links-6.3.0\
[   +8 ms] Found plugin app_links_linux at C:\Users\deshm\AppData\Local\Pub\Cache\hosted\pub.dev\app_links_linux-1.0.3\
[   +8 ms] Found plugin app_links_web at C:\Users\deshm\AppData\Local\Pub\Cache\hosted\pub.dev\app_links_web-1.0.4\
[  +44 ms] Found plugin gtk at C:\Users\deshm\AppData\Local\Pub\Cache\hosted\pub.dev\gtk-2.1.0\
[  +35 ms] Found plugin path_provider at C:\Users\deshm\AppData\Local\Pub\Cache\hosted\pub.dev\path_provider-2.1.5\
[   +9 ms] Found plugin path_provider_android at C:\Users\deshm\AppData\Local\Pub\Cache\hosted\pub.dev\path_provider_android-2.2.15\
[   +4 ms] Found plugin path_provider_foundation at C:\Users\deshm\AppData\Local\Pub\Cache\hosted\pub.dev\path_provider_foundation-2.4.1\
[   +4 ms] Found plugin path_provider_linux at C:\Users\deshm\AppData\Local\Pub\Cache\hosted\pub.dev\path_provider_linux-2.2.1\
[   +7 ms] Found plugin path_provider_windows at C:\Users\deshm\AppData\Local\Pub\Cache\hosted\pub.dev\path_provider_windows-2.3.0\
[  +32 ms] Found plugin share_plus at C:\Users\deshm\AppData\Local\Pub\Cache\hosted\pub.dev\share_plus-7.2.2\
[   +6 ms] Found plugin shared_preferences at C:\Users\deshm\AppData\Local\Pub\Cache\hosted\pub.dev\shared_preferences-2.5.3\
[   +3 ms] Found plugin shared_preferences_android at C:\Users\deshm\AppData\Local\Pub\Cache\hosted\pub.dev\shared_preferences_android-2.4.7\
[   +3 ms] Found plugin shared_preferences_foundation at C:\Users\deshm\AppData\Local\Pub\Cache\hosted\pub.dev\shared_preferences_foundation-2.5.4\
[   +3 ms] Found plugin shared_preferences_linux at C:\Users\deshm\AppData\Local\Pub\Cache\hosted\pub.dev\shared_preferences_linux-2.4.1\
[   +5 ms] Found plugin shared_preferences_web at C:\Users\deshm\AppData\Local\Pub\Cache\hosted\pub.dev\shared_preferences_web-2.4.3\
[   +4 ms] Found plugin shared_preferences_windows at C:\Users\deshm\AppData\Local\Pub\Cache\hosted\pub.dev\shared_preferences_windows-2.4.1\
[  +22 ms] Found plugin url_launcher at C:\Users\deshm\AppData\Local\Pub\Cache\hosted\pub.dev\url_launcher-6.3.1\
[   +2 ms] Found plugin url_launcher_android at C:\Users\deshm\AppData\Local\Pub\Cache\hosted\pub.dev\url_launcher_android-6.3.14\
[   +2 ms] Found plugin url_launcher_ios at C:\Users\deshm\AppData\Local\Pub\Cache\hosted\pub.dev\url_launcher_ios-6.3.3\
[   +2 ms] Found plugin url_launcher_linux at C:\Users\deshm\AppData\Local\Pub\Cache\hosted\pub.dev\url_launcher_linux-3.2.1\
[   +2 ms] Found plugin url_launcher_macos at C:\Users\deshm\AppData\Local\Pub\Cache\hosted\pub.dev\url_launcher_macos-3.2.2\
[   +5 ms] Found plugin url_launcher_web at C:\Users\deshm\AppData\Local\Pub\Cache\hosted\pub.dev\url_launcher_web-2.3.3\
[   +3 ms] Found plugin url_launcher_windows at C:\Users\deshm\AppData\Local\Pub\Cache\hosted\pub.dev\url_launcher_windows-3.1.4\
[  +91 ms] Found plugin app_links at C:\Users\deshm\AppData\Local\Pub\Cache\hosted\pub.dev\app_links-6.3.0\
[   +3 ms] Found plugin app_links_linux at C:\Users\deshm\AppData\Local\Pub\Cache\hosted\pub.dev\app_links_linux-1.0.3\
[   +5 ms] Found plugin app_links_web at C:\Users\deshm\AppData\Local\Pub\Cache\hosted\pub.dev\app_links_web-1.0.4\
[  +62 ms] Found plugin gtk at C:\Users\deshm\AppData\Local\Pub\Cache\hosted\pub.dev\gtk-2.1.0\
[  +42 ms] Found plugin path_provider at C:\Users\deshm\AppData\Local\Pub\Cache\hosted\pub.dev\path_provider-2.1.5\
[   +2 ms] Found plugin path_provider_android at C:\Users\deshm\AppData\Local\Pub\Cache\hosted\pub.dev\path_provider_android-2.2.15\
[   +2 ms] Found plugin path_provider_foundation at C:\Users\deshm\AppData\Local\Pub\Cache\hosted\pub.dev\path_provider_foundation-2.4.1\
[   +4 ms] Found plugin path_provider_linux at C:\Users\deshm\AppData\Local\Pub\Cache\hosted\pub.dev\path_provider_linux-2.2.1\
[   +5 ms] Found plugin path_provider_windows at C:\Users\deshm\AppData\Local\Pub\Cache\hosted\pub.dev\path_provider_windows-2.3.0\
[  +17 ms] Found plugin share_plus at C:\Users\deshm\AppData\Local\Pub\Cache\hosted\pub.dev\share_plus-7.2.2\
[   +6 ms] Found plugin shared_preferences at C:\Users\deshm\AppData\Local\Pub\Cache\hosted\pub.dev\shared_preferences-2.5.3\
[   +2 ms] Found plugin shared_preferences_android at C:\Users\deshm\AppData\Local\Pub\Cache\hosted\pub.dev\shared_preferences_android-2.4.7\
[   +2 ms] Found plugin shared_preferences_foundation at C:\Users\deshm\AppData\Local\Pub\Cache\hosted\pub.dev\shared_preferences_foundation-2.5.4\
[   +2 ms] Found plugin shared_preferences_linux at C:\Users\deshm\AppData\Local\Pub\Cache\hosted\pub.dev\shared_preferences_linux-2.4.1\
[   +4 ms] Found plugin shared_preferences_web at C:\Users\deshm\AppData\Local\Pub\Cache\hosted\pub.dev\shared_preferences_web-2.4.3\
[   +2 ms] Found plugin shared_preferences_windows at C:\Users\deshm\AppData\Local\Pub\Cache\hosted\pub.dev\shared_preferences_windows-2.4.1\
[  +15 ms] Found plugin url_launcher at C:\Users\deshm\AppData\Local\Pub\Cache\hosted\pub.dev\url_launcher-6.3.1\
[   +2 ms] Found plugin url_launcher_android at C:\Users\deshm\AppData\Local\Pub\Cache\hosted\pub.dev\url_launcher_android-6.3.14\
[   +4 ms] Found plugin url_launcher_ios at C:\Users\deshm\AppData\Local\Pub\Cache\hosted\pub.dev\url_launcher_ios-6.3.3\
[   +2 ms] Found plugin url_launcher_linux at C:\Users\deshm\AppData\Local\Pub\Cache\hosted\pub.dev\url_launcher_linux-3.2.1\
[   +3 ms] Found plugin url_launcher_macos at C:\Users\deshm\AppData\Local\Pub\Cache\hosted\pub.dev\url_launcher_macos-3.2.2\
[   +5 ms] Found plugin url_launcher_web at C:\Users\deshm\AppData\Local\Pub\Cache\hosted\pub.dev\url_launcher_web-2.3.3\
[   +3 ms] Found plugin url_launcher_windows at C:\Users\deshm\AppData\Local\Pub\Cache\hosted\pub.dev\url_launcher_windows-3.1.4\
[  +43 ms] Found plugin app_links at C:\Users\deshm\AppData\Local\Pub\Cache\hosted\pub.dev\app_links-6.3.0\
[   +1 ms] Found plugin app_links_linux at C:\Users\deshm\AppData\Local\Pub\Cache\hosted\pub.dev\app_links_linux-1.0.3\
[   +4 ms] Found plugin app_links_web at C:\Users\deshm\AppData\Local\Pub\Cache\hosted\pub.dev\app_links_web-1.0.4\
[  +33 ms] Found plugin gtk at C:\Users\deshm\AppData\Local\Pub\Cache\hosted\pub.dev\gtk-2.1.0\
[  +28 ms] Found plugin path_provider at C:\Users\deshm\AppData\Local\Pub\Cache\hosted\pub.dev\path_provider-2.1.5\
[   +2 ms] Found plugin path_provider_android at C:\Users\deshm\AppData\Local\Pub\Cache\hosted\pub.dev\path_provider_android-2.2.15\
[   +3 ms] Found plugin path_provider_foundation at C:\Users\deshm\AppData\Local\Pub\Cache\hosted\pub.dev\path_provider_foundation-2.4.1\
[   +2 ms] Found plugin path_provider_linux at C:\Users\deshm\AppData\Local\Pub\Cache\hosted\pub.dev\path_provider_linux-2.2.1\
[   +3 ms] Found plugin path_provider_windows at C:\Users\deshm\AppData\Local\Pub\Cache\hosted\pub.dev\path_provider_windows-2.3.0\
[  +16 ms] Found plugin share_plus at C:\Users\deshm\AppData\Local\Pub\Cache\hosted\pub.dev\share_plus-7.2.2\
[   +3 ms] Found plugin shared_preferences at C:\Users\deshm\AppData\Local\Pub\Cache\hosted\pub.dev\shared_preferences-2.5.3\
[   +2 ms] Found plugin shared_preferences_android at C:\Users\deshm\AppData\Local\Pub\Cache\hosted\pub.dev\shared_preferences_android-2.4.7\
[   +2 ms] Found plugin shared_preferences_foundation at C:\Users\deshm\AppData\Local\Pub\Cache\hosted\pub.dev\shared_preferences_foundation-2.5.4\
[   +2 ms] Found plugin shared_preferences_linux at C:\Users\deshm\AppData\Local\Pub\Cache\hosted\pub.dev\shared_preferences_linux-2.4.1\
[   +3 ms] Found plugin shared_preferences_web at C:\Users\deshm\AppData\Local\Pub\Cache\hosted\pub.dev\shared_preferences_web-2.4.3\
[   +2 ms] Found plugin shared_preferences_windows at C:\Users\deshm\AppData\Local\Pub\Cache\hosted\pub.dev\shared_preferences_windows-2.4.1\
[  +11 ms] Found plugin url_launcher at C:\Users\deshm\AppData\Local\Pub\Cache\hosted\pub.dev\url_launcher-6.3.1\
[   +1 ms] Found plugin url_launcher_android at C:\Users\deshm\AppData\Local\Pub\Cache\hosted\pub.dev\url_launcher_android-6.3.14\
[   +1 ms] Found plugin url_launcher_ios at C:\Users\deshm\AppData\Local\Pub\Cache\hosted\pub.dev\url_launcher_ios-6.3.3\
[   +1 ms] Found plugin url_launcher_linux at C:\Users\deshm\AppData\Local\Pub\Cache\hosted\pub.dev\url_launcher_linux-3.2.1\
[   +1 ms] Found plugin url_launcher_macos at C:\Users\deshm\AppData\Local\Pub\Cache\hosted\pub.dev\url_launcher_macos-3.2.2\
[   +2 ms] Found plugin url_launcher_web at C:\Users\deshm\AppData\Local\Pub\Cache\hosted\pub.dev\url_launcher_web-2.3.3\
[   +1 ms] Found plugin url_launcher_windows at C:\Users\deshm\AppData\Local\Pub\Cache\hosted\pub.dev\url_launcher_windows-3.1.4\
[  +33 ms] Generating D:\My_Revive\My_Revive\nexus_flutter\android\app\src\main\java\io\flutter\plugins\GeneratedPluginRegistrant.java
[ +145 ms] executing: C:\Program Files\Android\Android Studio\jbr\bin\java -version
[ +145 ms] Exit code 0 from: C:\Program Files\Android\Android Studio\jbr\bin\java -version
[        ] openjdk version "21.0.8" 2025-07-15
           OpenJDK Runtime Environment (build 21.0.8+-14196175-b1038.72)
           OpenJDK 64-Bit Server VM (build 21.0.8+-14196175-b1038.72, mixed mode)
[   +1 ms] executing: C:\Program Files\Android\Android Studio\jbr\bin\java -version
[ +133 ms] Exit code 0 from: C:\Program Files\Android\Android Studio\jbr\bin\java -version
[        ] openjdk version "21.0.8" 2025-07-15
           OpenJDK Runtime Environment (build 21.0.8+-14196175-b1038.72)
           OpenJDK 64-Bit Server VM (build 21.0.8+-14196175-b1038.72, mixed mode)
[  +15 ms] executing: C:\Program Files\Android\Android Studio\jbr\bin\java --version
[ +131 ms] Exit code 0 from: C:\Program Files\Android\Android Studio\jbr\bin\java --version
[        ] openjdk 21.0.8 2025-07-15
           OpenJDK Runtime Environment (build 21.0.8+-14196175-b1038.72)
           OpenJDK 64-Bit Server VM (build 21.0.8+-14196175-b1038.72, mixed mode)
[   +2 ms] Version of Java is different than impacted version, no migration attempted.
[  +32 ms] Using gradle from D:\My_Revive\My_Revive\nexus_flutter\android\gradlew.bat.
[   +1 ms] Running Gradle task 'assembleRelease'...
[   +6 ms] executing: [D:\My_Revive\My_Revive\nexus_flutter\android/] D:\My_Revive\My_Revive\nexus_flutter\android\gradlew.bat --full-stacktrace --info -Pverbose=true -Ptarget-platform=android-arm,android-arm64,android-x64 -Ptarget=lib\main.dart -Pbase-application-name=android.app.Application -Pdart-obfuscation=false -Ptrack-widget-creation=true -Ptree-shake-icons=true assembleRelease
[ +895 ms] Initialized native services in: C:\Users\deshm\.gradle\native
[   +1 ms] Initialized jansi services in: C:\Users\deshm\.gradle\native
[ +112 ms] Received JVM installation metadata from 'C:\Program Files\Android\Android Studio\jbr': {JAVA_HOME=C:\Program Files\Android\Android Studio\jbr, JAVA_VERSION=21.0.8, JAVA_VENDOR=JetBrains s.r.o., RUNTIME_NAME=OpenJDK Runtime Environment, RUNTIME_VERSION=21.0.8+-14196175-b1038.72, VM_NAME=OpenJDK 64-Bit Server VM, VM_VERSION=21.0.8+-14196175-b1038.72, VM_VENDOR=JetBrains s.r.o., OS_ARCH=amd64}
[ +204 ms] Found daemon DaemonInfo{pid=26556, address=[1321a226-eb17-49e4-932a-40bb47bfd8d7 port:50756, addresses:[/127.0.0.1]], state=Idle, lastBusy=1766147999252, context=DefaultDaemonContext[uid=82e1d720-c9aa-4ea2-bb38-5446f79cc60b,javaHome=C:\Program Files\Java\jdk-17,daemonRegistryDir=C:\Users\deshm\.gradle\daemon,pid=26556,idleTimeout=10800000,priority=NORMAL,applyInstrumentationAgent=true,daemonOpts=-XX:MaxMetaspaceSize=2G,-XX:+HeapDumpOnOutOfMemoryError,--add-opens=java.base/java.util=ALL-UNNAMED,--add-opens=java.base/java.lang=ALL-UNNAMED,--add-opens=java.base/java.lang.invoke=ALL-UNNAMED,--add-opens=java.prefs/java.util.prefs=ALL-UNNAMED,--add-opens=java.base/java.nio.charset=ALL-UNNAMED,--add-opens=java.base/java.net=ALL-UNNAMED,--add-opens=java.base/java.util.concurrent.atomic=ALL-UNNAMED,-Xmx4G,-Dfile.encoding=windows-1252,-Duser.country=IN,-Duser.language=en,-Duser.variant]} however its context does not match the desired criteria.
[        ] Java home is different.
[        ] Wanted: DefaultDaemonContext[uid=null,javaHome=C:\Program Files\Android\Android Studio\jbr,daemonRegistryDir=C:\Users\deshm\.gradle\daemon,pid=26964,idleTimeout=null,priority=NORMAL,applyInstrumentationAgent=true,daemonOpts=-XX:MaxMetaspaceSize=2G,-XX:+HeapDumpOnOutOfMemoryError,--add-opens=java.base/java.util=ALL-UNNAMED,--add-opens=java.base/java.lang=ALL-UNNAMED,--add-opens=java.base/java.lang.invoke=ALL-UNNAMED,--add-opens=java.prefs/java.util.prefs=ALL-UNNAMED,--add-opens=java.base/java.nio.charset=ALL-UNNAMED,--add-opens=java.base/java.net=ALL-UNNAMED,--add-opens=java.base/java.util.concurrent.atomic=ALL-UNNAMED,-Xmx4G,-Dfile.encoding=UTF-8,-Duser.country=IN,-Duser.language=en,-Duser.variant]
[        ] Actual: DefaultDaemonContext[uid=82e1d720-c9aa-4ea2-bb38-5446f79cc60b,javaHome=C:\Program Files\Java\jdk-17,daemonRegistryDir=C:\Users\deshm\.gradle\daemon,pid=26556,idleTimeout=10800000,priority=NORMAL,applyInstrumentationAgent=true,daemonOpts=-XX:MaxMetaspaceSize=2G,-XX:+HeapDumpOnOutOfMemoryError,--add-opens=java.base/java.util=ALL-UNNAMED,--add-opens=java.base/java.lang=ALL-UNNAMED,--add-opens=java.base/java.lang.invoke=ALL-UNNAMED,--add-opens=java.prefs/java.util.prefs=ALL-UNNAMED,--add-opens=java.base/java.nio.charset=ALL-UNNAMED,--add-opens=java.base/java.net=ALL-UNNAMED,--add-opens=java.base/java.util.concurrent.atomic=ALL-UNNAMED,-Xmx4G,-Dfile.encoding=windows-1252,-Duser.country=IN,-Duser.language=en,-Duser.variant]
[        ]   Looking for a different daemon...
[ +200 ms] The client will now receive all logging from the daemon (pid: 15092). The daemon log file: C:\Users\deshm\.gradle\daemon\8.3\daemon-15092.out.log
[        ] Starting 26th build in daemon [uptime: 1 hrs 5 mins 0.653 secs, performance: 100%, GC rate: 0.00/s, heap usage: 0% of 4 GiB, non-heap usage: 13% of 2 GiB]
[        ] Using 16 worker leases.
[        ] Now considering [D:\My_Revive\My_Revive\nexus_flutter\android, C:\flutter\packages\flutter_tools\gradle] as hierarchies to watch
[        ] Watching the file system is configured to be enabled if available
[        ] File system watching is active
[  +98 ms] Starting Build
[        ] Now considering [C:\flutter\packages\flutter_tools\gradle, D:\My_Revive\My_Revive\nexus_flutter\android] as hierarchies to watch
[  +97 ms] > Configure project :gradle
[        ] Evaluating project ':gradle' using build file 'C:\flutter\packages\flutter_tools\gradle\build.gradle.kts'.
[        ] The configuration :gradle:classpath is both resolvable and consumable. This is considered a legacy configuration and it will eventually only be possible to be one of these.
[        ] The configuration :gradle:classpath is both consumable and declarable. This combination is incorrect, only one of these flags should be set.
[        ] The configuration :gradle:classpath is both resolvable and consumable. This is considered a legacy configuration and it will eventually only be possible to be one of these.
[        ] The configuration :gradle:classpath is both consumable and declarable. This combination is incorrect, only one of these flags should be set.
[        ] Caching disabled for Kotlin DSL accessors for project ':gradle' because:
[        ]   Build cache is disabled
[        ] Skipping Kotlin DSL accessors for project ':gradle' as it is up-to-date.
[        ] The configuration detachedConfiguration1 is both resolvable and consumable. This is considered a legacy configuration and it will eventually only be possible to be one of these.
[        ] The configuration detachedConfiguration1 is both consumable and declarable. This combination is incorrect, only one of these flags should be set.
[        ] The configuration detachedConfiguration1 is both resolvable and consumable. This is considered a legacy configuration and it will eventually only be possible to be one of these.
[        ] The configuration detachedConfiguration1 is both consumable and declarable. This combination is incorrect, only one of these flags should be set.
[        ] The configuration detachedConfiguration2 is both resolvable and consumable. This is considered a legacy configuration and it will eventually only be possible to be one of these.
[        ] The configuration detachedConfiguration2 is both consumable and declarable. This combination is incorrect, only one of these flags should be set.
[        ] The configuration detachedConfiguration2 is both resolvable and consumable. This is considered a legacy configuration and it will eventually only be possible to be one of these.
[        ] The configuration detachedConfiguration2 is both consumable and declarable. This combination is incorrect, only one of these flags should be set.
[        ] The configuration classpath is both resolvable and consumable. This is considered a legacy configuration and it will eventually only be possible to be one of these.
[        ] The configuration classpath is both consumable and declarable. This combination is incorrect, only one of these flags should be set.
[        ] The configuration :gradle:mainSourceElements is both consumable and declarable. This combination is incorrect, only one of these flags should be set.
[        ] Resolve mutations for :gradle:compileJava (Thread[#2405,Execution worker,5,main]) started.
[        ] :gradle:compileJava (Thread[#2416,Execution worker Thread 12,5,main]) started.
[        ] > Task :gradle:compileJava NO-SOURCE
[        ] Skipping task ':gradle:compileJava' as it has no source files and no previous output files.
[        ] Resolve mutations for :gradle:compileGroovy (Thread[#2416,Execution worker Thread 12,5,main]) started.
[        ] :gradle:compileGroovy (Thread[#2416,Execution worker Thread 12,5,main]) started.
[  +88 ms] > Task :gradle:compileGroovy UP-TO-DATE
[        ] Caching disabled for task ':gradle:compileGroovy' because:
[        ]   Build cache is disabled
[        ] Skipping task ':gradle:compileGroovy' as it is up-to-date.
[        ] Resolve mutations for :gradle:pluginDescriptors (Thread[#2416,Execution worker Thread 12,5,main]) started.
[        ] :gradle:pluginDescriptors (Thread[#2416,Execution worker Thread 12,5,main]) started.
[        ] > Task :gradle:pluginDescriptors UP-TO-DATE
[        ] Caching disabled for task ':gradle:pluginDescriptors' because:
[        ]   Build cache is disabled
[        ] Skipping task ':gradle:pluginDescriptors' as it is up-to-date.
[        ] Resolve mutations for :gradle:processResources (Thread[#2416,Execution worker Thread 12,5,main]) started.
[        ] :gradle:processResources (Thread[#2416,Execution worker Thread 12,5,main]) started.
[        ] > Task :gradle:processResources UP-TO-DATE
[        ] Caching disabled for task ':gradle:processResources' because:
[        ]   Build cache is disabled
[        ] Skipping task ':gradle:processResources' as it is up-to-date.
[        ] Resolve mutations for :gradle:classes (Thread[#2416,Execution worker Thread 12,5,main]) started.
[        ] :gradle:classes (Thread[#2416,Execution worker Thread 12,5,main]) started.
[        ] > Task :gradle:classes UP-TO-DATE
[        ] Skipping task ':gradle:classes' as it has no actions.
[        ] Resolve mutations for :gradle:jar (Thread[#2416,Execution worker Thread 12,5,main]) started.
[        ] :gradle:jar (Thread[#2416,Execution worker Thread 12,5,main]) started.
[        ] > Task :gradle:jar UP-TO-DATE
[        ] Caching disabled for task ':gradle:jar' because:
[        ]   Build cache is disabled
[        ] Skipping task ':gradle:jar' as it is up-to-date.
[        ] The configuration classpath is both resolvable and consumable. This is considered a legacy configuration and it will eventually only be possible to be one of these.
[        ] The configuration classpath is both consumable and declarable. This combination is incorrect, only one of these flags should be set.
[ +109 ms] Settings evaluated using settings file 'D:\My_Revive\My_Revive\nexus_flutter\android\settings.gradle'.
[        ] Projects loaded. Root project using build file 'D:\My_Revive\My_Revive\nexus_flutter\android\build.gradle'.
[        ] Included projects: [root project 'android', project ':app', project ':app_links', project ':path_provider_android', project ':share_plus', project ':shared_preferences_android', project ':url_launcher_android']
[ +389 ms] > Configure project :app
[        ] Evaluating project ':app' using build file 'D:\My_Revive\My_Revive\nexus_flutter\android\app\build.gradle'.
[        ] Using default execution profile
[        ] Using Kotlin Gradle Plugin gradle76 variant
[        ] The configuration classpath is both resolvable and consumable. This is considered a legacy configuration and it will eventually only be possible to be one of these.
[        ] The configuration classpath is both consumable and declarable. This combination is incorrect, only one of these flags should be set.
[        ] The configuration classpath is both resolvable and consumable. This is considered a legacy configuration and it will eventually only be possible to be one of these.
[        ] The configuration classpath is both consumable and declarable. This combination is incorrect, only one of these flags should be set.
[        ] Parsed shrinker version: 8.1.56
[        ] > Configure project :
[        ] Evaluating root project 'android' using build file 'D:\My_Revive\My_Revive\nexus_flutter\android\build.gradle'.
[ +108 ms] > Configure project :app_links
[        ] Evaluating project ':app_links' using build file 'C:\Users\deshm\AppData\Local\Pub\Cache\hosted\pub.dev\app_links-6.3.0\android\build.gradle'.
[        ] The configuration :app_links:classpath is both resolvable and consumable. This is considered a legacy configuration and it will eventually only be possible to be one of these.
[        ] The configuration :app_links:classpath is both consumable and declarable. This combination is incorrect, only one of these flags should be set.
[        ] The configuration :app_links:classpath is both resolvable and consumable. This is considered a legacy configuration and it will eventually only be possible to be one of these.
[        ] The configuration :app_links:classpath is both consumable and declarable. This combination is incorrect, only one of these flags should be set.
[        ] Using default execution profile
[  +92 ms] > Configure project :path_provider_android
[        ] Evaluating project ':path_provider_android' using build file 'C:\Users\deshm\AppData\Local\Pub\Cache\hosted\pub.dev\path_provider_android-2.2.15\android\build.gradle'.
[        ] The configuration :path_provider_android:classpath is both resolvable and consumable. This is considered a legacy configuration and it will eventually only be possible to be one of these.
[        ] The configuration :path_provider_android:classpath is both consumable and declarable. This combination is incorrect, only one of these flags should be set.
[        ] The configuration :path_provider_android:classpath is both resolvable and consumable. This is considered a legacy configuration and it will eventually only be possible to be one of these.
[        ] The configuration :path_provider_android:classpath is both consumable and declarable. This combination is incorrect, only one of these flags should be set.
[        ] Using default execution profile
[ +199 ms] > Configure project :share_plus
[        ] Evaluating project ':share_plus' using build file 'C:\Users\deshm\AppData\Local\Pub\Cache\hosted\pub.dev\share_plus-7.2.2\android\build.gradle'.
[        ] The configuration :share_plus:classpath is both resolvable and consumable. This is considered a legacy configuration and it will eventually only be possible to be one of these.
[        ] The configuration :share_plus:classpath is both consumable and declarable. This combination is incorrect, only one of these flags should be set.
[        ] The configuration :share_plus:classpath is both resolvable and consumable. This is considered a legacy configuration and it will eventually only be possible to be one of these.
[        ] The configuration :share_plus:classpath is both consumable and declarable. This combination is incorrect, only one of these flags should be set.
[        ] Using default execution profile
[        ] Using Kotlin Gradle Plugin gradle76 variant
[ +204 ms] > Configure project :shared_preferences_android
[        ] Evaluating project ':shared_preferences_android' using build file 'C:\Users\deshm\AppData\Local\Pub\Cache\hosted\pub.dev\shared_preferences_android-2.4.7\android\build.gradle'.
[        ] The configuration :shared_preferences_android:classpath is both resolvable and consumable. This is considered a legacy configuration and it will eventually only be possible to be one of these.
[        ] The configuration :shared_preferences_android:classpath is both consumable and declarable. This combination is incorrect, only one of these flags should be set.
[        ] The configuration :shared_preferences_android:classpath is both resolvable and consumable. This is considered a legacy configuration and it will eventually only be possible to be one of these.
[        ] The configuration :shared_preferences_android:classpath is both consumable and declarable. This combination is incorrect, only one of these flags should be set.
[        ] Using default execution profile
[        ] Using Kotlin Gradle Plugin gradle76 variant
[        ] > Configure project :url_launcher_android
[        ] Evaluating project ':url_launcher_android' using build file 'C:\Users\deshm\AppData\Local\Pub\Cache\hosted\pub.dev\url_launcher_android-6.3.14\android\build.gradle'.
[        ] The configuration :url_launcher_android:classpath is both resolvable and consumable. This is considered a legacy configuration and it will eventually only be possible to be one of these.
[        ] The configuration :url_launcher_android:classpath is both consumable and declarable. This combination is incorrect, only one of these flags should be set.
[        ] The configuration :url_launcher_android:classpath is both resolvable and consumable. This is considered a legacy configuration and it will eventually only be possible to be one of these.
[        ] The configuration :url_launcher_android:classpath is both consumable and declarable. This combination is incorrect, only one of these flags should be set.
[        ] Using default execution profile
[        ] All projects evaluated.
[        ] The configuration :classpath is both resolvable and consumable. This is considered a legacy configuration and it will eventually only be possible to be one of these.
[        ] The configuration :classpath is both consumable and declarable. This combination is incorrect, only one of these flags should be set.
[        ] The configuration :classpath is both resolvable and consumable. This is considered a legacy configuration and it will eventually only be possible to be one of these.
[        ] The configuration :classpath is both consumable and declarable. This combination is incorrect, only one of these flags should be set.
[        ] The configuration :classpath is both resolvable and consumable. This is considered a legacy configuration and it will eventually only be possible to be one of these.
[        ] The configuration :classpath is both consumable and declarable. This combination is incorrect, only one of these flags should be set.
[        ] The configuration :classpath is both resolvable and consumable. This is considered a legacy configuration and it will eventually only be possible to be one of these.
[        ] The configuration :classpath is both consumable and declarable. This combination is incorrect, only one of these flags should be set.
[        ] The configuration :classpath is both resolvable and consumable. This is considered a legacy configuration and it will eventually only be possible to be one of these.
[        ] The configuration :classpath is both consumable and declarable. This combination is incorrect, only one of these flags should be set.
[        ] The configuration :classpath is both resolvable and consumable. This is considered a legacy configuration and it will eventually only be possible to be one of these.
[        ] The configuration :classpath is both consumable and declarable. This combination is incorrect, only one of these flags should be set.
[        ] The configuration :app:classpath is both resolvable and consumable. This is considered a legacy configuration and it will eventually only be possible to be one of these.
[        ] The configuration :app:classpath is both consumable and declarable. This combination is incorrect, only one of these flags should be set.
[        ] The configuration :app:classpath is both resolvable and consumable. This is considered a legacy configuration and it will eventually only be possible to be one of these.
[        ] The configuration :app:classpath is both consumable and declarable. This combination is incorrect, only one of these flags should be set.
[        ] The configuration :app:classpath is both resolvable and consumable. This is considered a legacy configuration and it will eventually only be possible to be one of these.
[        ] The configuration :app:classpath is both consumable and declarable. This combination is incorrect, only one of these flags should be set.
[        ] The configuration :app:classpath is both resolvable and consumable. This is considered a legacy configuration and it will eventually only be possible to be one of these.
[        ] The configuration :app:classpath is both consumable and declarable. This combination is incorrect, only one of these flags should be set.
[        ] The configuration :app:classpath is both resolvable and consumable. This is considered a legacy configuration and it will eventually only be possible to be one of these.
[        ] The configuration :app:classpath is both consumable and declarable. This combination is incorrect, only one of these flags should be set.
[        ] The configuration :app:classpath is both resolvable and consumable. This is considered a legacy configuration and it will eventually only be possible to be one of these.
[        ] The configuration :app:classpath is both consumable and declarable. This combination is incorrect, only one of these flags should be set.
[        ] The configuration :app_links:classpath is both resolvable and consumable. This is considered a legacy configuration and it will eventually only be possible to be one of these.
[        ] The configuration :app_links:classpath is both consumable and declarable. This combination is incorrect, only one of these flags should be set.
[  +93 ms] The configuration :app_links:classpath is both resolvable and consumable. This is considered a legacy configuration and it will eventually only be possible to be one of these.
[        ] The configuration :app_links:classpath is both consumable and declarable. This combination is incorrect, only one of these flags should be set.
[        ] The configuration :app_links:classpath is both resolvable and consumable. This is considered a legacy configuration and it will eventually only be possible to be one of these.
[        ] The configuration :app_links:classpath is both consumable and declarable. This combination is incorrect, only one of these flags should be set.
[        ] The configuration :app_links:classpath is both resolvable and consumable. This is considered a legacy configuration and it will eventually only be possible to be one of these.
[        ] The configuration :app_links:classpath is both consumable and declarable. This combination is incorrect, only one of these flags should be set.
[        ] The configuration :app_links:classpath is both resolvable and consumable. This is considered a legacy configuration and it will eventually only be possible to be one of these.
[        ] The configuration :app_links:classpath is both consumable and declarable. This combination is incorrect, only one of these flags should be set.
[        ] The configuration :path_provider_android:classpath is both resolvable and consumable. This is considered a legacy configuration and it will eventually only be possible to be one of these.
[        ] The configuration :path_provider_android:classpath is both consumable and declarable. This combination is incorrect, only one of these flags should be set.
[        ] The configuration :path_provider_android:classpath is both resolvable and consumable. This is considered a legacy configuration and it will eventually only be possible to be one of these.
[        ] The configuration :path_provider_android:classpath is both consumable and declarable. This combination is incorrect, only one of these flags should be set.
[        ] The configuration :path_provider_android:classpath is both resolvable and consumable. This is considered a legacy configuration and it will eventually only be possible to be one of these.
[        ] The configuration :path_provider_android:classpath is both consumable and declarable. This combination is incorrect, only one of these flags should be set.
[        ] The configuration :path_provider_android:classpath is both resolvable and consumable. This is considered a legacy configuration and it will eventually only be possible to be one of these.
[        ] The configuration :path_provider_android:classpath is both consumable and declarable. This combination is incorrect, only one of these flags should be set.
[        ] The configuration :path_provider_android:classpath is both resolvable and consumable. This is considered a legacy configuration and it will eventually only be possible to be one of these.
[        ] The configuration :path_provider_android:classpath is both consumable and declarable. This combination is incorrect, only one of these flags should be set.
[        ] The configuration :share_plus:classpath is both resolvable and consumable. This is considered a legacy configuration and it will eventually only be possible to be one of these.
[        ] The configuration :share_plus:classpath is both consumable and declarable. This combination is incorrect, only one of these flags should be set.
[        ] The configuration :share_plus:classpath is both resolvable and consumable. This is considered a legacy configuration and it will eventually only be possible to be one of these.
[        ] The configuration :share_plus:classpath is both consumable and declarable. This combination is incorrect, only one of these flags should be set.
[        ] The configuration :share_plus:classpath is both resolvable and consumable. This is considered a legacy configuration and it will eventually only be possible to be one of these.
[        ] The configuration :share_plus:classpath is both consumable and declarable. This combination is incorrect, only one of these flags should be set.
[        ] The configuration :share_plus:classpath is both resolvable and consumable. This is considered a legacy configuration and it will eventually only be possible to be one of these.
[        ] The configuration :share_plus:classpath is both consumable and declarable. This combination is incorrect, only one of these flags should be set.
[        ] The configuration :share_plus:classpath is both resolvable and consumable. This is considered a legacy configuration and it will eventually only be possible to be one of these.
[        ] The configuration :share_plus:classpath is both consumable and declarable. This combination is incorrect, only one of these flags should be set.
[        ] The configuration :shared_preferences_android:classpath is both resolvable and consumable. This is considered a legacy configuration and it will eventually only be possible to be one of these.
[        ] The configuration :shared_preferences_android:classpath is both consumable and declarable. This combination is incorrect, only one of these flags should be set.
[        ] The configuration :shared_preferences_android:classpath is both resolvable and consumable. This is considered a legacy configuration and it will eventually only be possible to be one of these.
[        ] The configuration :shared_preferences_android:classpath is both consumable and declarable. This combination is incorrect, only one of these flags should be set.
[        ] The configuration :shared_preferences_android:classpath is both resolvable and consumable. This is considered a legacy configuration and it will eventually only be possible to be one of these.
[        ] The configuration :shared_preferences_android:classpath is both consumable and declarable. This combination is incorrect, only one of these flags should be set.
[        ] The configuration :shared_preferences_android:classpath is both resolvable and consumable. This is considered a legacy configuration and it will eventually only be possible to be one of these.
[        ] The configuration :shared_preferences_android:classpath is both consumable and declarable. This combination is incorrect, only one of these flags should be set.
[        ] The configuration :shared_preferences_android:classpath is both resolvable and consumable. This is considered a legacy configuration and it will eventually only be possible to be one of these.
[        ] The configuration :shared_preferences_android:classpath is both consumable and declarable. This combination is incorrect, only one of these flags should be set.
[        ] The configuration :url_launcher_android:classpath is both resolvable and consumable. This is considered a legacy configuration and it will eventually only be possible to be one of these.
[        ] The configuration :url_launcher_android:classpath is both consumable and declarable. This combination is incorrect, only one of these flags should be set.
[        ] The configuration :url_launcher_android:classpath is both resolvable and consumable. This is considered a legacy configuration and it will eventually only be possible to be one of these.
[        ] The configuration :url_launcher_android:classpath is both consumable and declarable. This combination is incorrect, only one of these flags should be set.
[        ] The configuration :url_launcher_android:classpath is both resolvable and consumable. This is considered a legacy configuration and it will eventually only be possible to be one of these.
[        ] The configuration :url_launcher_android:classpath is both consumable and declarable. This combination is incorrect, only one of these flags should be set.
[        ] The configuration :url_launcher_android:classpath is both resolvable and consumable. This is considered a legacy configuration and it will eventually only be possible to be one of these.
[        ] The configuration :url_launcher_android:classpath is both consumable and declarable. This combination is incorrect, only one of these flags should be set.
[        ] The configuration :url_launcher_android:classpath is both resolvable and consumable. This is considered a legacy configuration and it will eventually only be possible to be one of these.
[        ] The configuration :url_launcher_android:classpath is both consumable and declarable. This combination is incorrect, only one of these flags should be set.
[        ] Task name matched 'assembleRelease'
[        ] Selected primary task 'assembleRelease' from project :
[  +85 ms] WARNING: We recommend using a newer Android Gradle plugin to use compileSdk = 34
[        ] This Android Gradle plugin (8.1.0) was tested up to compileSdk = 33 (and compileSdkPreview = "UpsideDownCakePrivacySandbox").
[        ] You are strongly encouraged to update your project to use a newer
[        ] Android Gradle plugin that has been tested with compileSdk = 34.
[        ] If you are already using the latest version of the Android Gradle plugin,
[        ] you may need to wait until a newer version with support for compileSdk = 34 is available.
[        ] To suppress this warning, add/update
[        ]     android.suppressUnsupportedCompileSdk=34
[        ] to this project's gradle.properties.
[ +101 ms] Tasks to be executed: [task ':app_links:preBuild', task ':app_links:preReleaseBuild', task ':app_links:mergeReleaseJniLibFolders', task ':app_links:mergeReleaseNativeLibs', task ':app_links:stripReleaseDebugSymbols', task ':app_links:copyReleaseJniLibsProjectAndLocalJars', task ':app_links:generateReleaseResValues', task ':app_links:extractDeepLinksForAarRelease', task ':app_links:generateReleaseResources', task ':app_links:packageReleaseResources', task ':app_links:parseReleaseLocalResources', task ':app_links:processReleaseManifest', task ':app_links:generateReleaseRFile', task ':app_links:extractReleaseAnnotations', task ':app_links:javaPreCompileRelease', task ':app_links:compileReleaseJavaWithJavac', task ':app_links:mergeReleaseGeneratedProguardFiles', task ':app_links:mergeReleaseConsumerProguardFiles', task ':app_links:mergeReleaseShaders', task ':app_links:compileReleaseShaders', task ':app_links:generateReleaseAssets', task ':app_links:packageReleaseAssets', task ':app_links:prepareLintJarForPublish', task ':app_links:prepareReleaseArtProfile', task ':app_links:processReleaseJavaRes', task ':app_links:mergeReleaseJavaResource', task ':app_links:syncReleaseLibJars', task ':app_links:writeReleaseAarMetadata', task ':app_links:bundleReleaseLocalLintAar', task ':path_provider_android:preBuild', task ':path_provider_android:preReleaseBuild', task ':path_provider_android:mergeReleaseJniLibFolders', task ':path_provider_android:mergeReleaseNativeLibs', task ':path_provider_android:stripReleaseDebugSymbols', task ':path_provider_android:copyReleaseJniLibsProjectAndLocalJars', task ':path_provider_android:generateReleaseResValues', task ':path_provider_android:extractDeepLinksForAarRelease', task ':path_provider_android:generateReleaseResources', task ':path_provider_android:packageReleaseResources', task ':path_provider_android:parseReleaseLocalResources', task ':path_provider_android:processReleaseManifest', task ':path_provider_android:generateReleaseRFile', task ':path_provider_android:extractReleaseAnnotations', task ':path_provider_android:javaPreCompileRelease', task ':path_provider_android:compileReleaseJavaWithJavac', task ':path_provider_android:mergeReleaseGeneratedProguardFiles', task ':path_provider_android:mergeReleaseConsumerProguardFiles', task ':path_provider_android:mergeReleaseShaders', task ':path_provider_android:compileReleaseShaders', task ':path_provider_android:generateReleaseAssets', task ':path_provider_android:packageReleaseAssets', task ':path_provider_android:prepareLintJarForPublish', task ':path_provider_android:prepareReleaseArtProfile', task ':path_provider_android:processReleaseJavaRes', task ':path_provider_android:mergeReleaseJavaResource', task ':path_provider_android:syncReleaseLibJars', task ':path_provider_android:writeReleaseAarMetadata', task ':path_provider_android:bundleReleaseLocalLintAar', task ':share_plus:preBuild', task ':share_plus:preReleaseBuild', task ':share_plus:mergeReleaseJniLibFolders', task ':share_plus:mergeReleaseNativeLibs', task ':share_plus:stripReleaseDebugSymbols', task ':share_plus:copyReleaseJniLibsProjectAndLocalJars', task ':share_plus:generateReleaseResValues', task ':share_plus:extractDeepLinksForAarRelease', task ':share_plus:generateReleaseResources', task ':share_plus:packageReleaseResources', task ':share_plus:parseReleaseLocalResources', task ':share_plus:processReleaseManifest', task ':share_plus:generateReleaseRFile', task ':share_plus:compileReleaseKotlin', task ':share_plus:extractReleaseAnnotations', task ':share_plus:javaPreCompileRelease', task ':share_plus:compileReleaseJavaWithJavac', task ':share_plus:mergeReleaseGeneratedProguardFiles', task ':share_plus:mergeReleaseConsumerProguardFiles', task ':share_plus:mergeReleaseShaders', task ':share_plus:compileReleaseShaders', task ':share_plus:generateReleaseAssets', task ':share_plus:packageReleaseAssets', task ':share_plus:prepareLintJarForPublish', task ':share_plus:prepareReleaseArtProfile', task ':share_plus:processReleaseJavaRes', task ':share_plus:mergeReleaseJavaResource', task ':share_plus:syncReleaseLibJars', task ':share_plus:writeReleaseAarMetadata', task ':share_plus:bundleReleaseLocalLintAar', task ':shared_preferences_android:preBuild', task ':shared_preferences_android:preReleaseBuild', task ':shared_preferences_android:mergeReleaseJniLibFolders', task ':shared_preferences_android:mergeReleaseNativeLibs', task ':shared_preferences_android:stripReleaseDebugSymbols', task ':shared_preferences_android:copyReleaseJniLibsProjectAndLocalJars', task ':shared_preferences_android:generateReleaseResValues', task ':shared_preferences_android:extractDeepLinksForAarRelease', task ':shared_preferences_android:generateReleaseResources', task ':shared_preferences_android:packageReleaseResources', task ':shared_preferences_android:parseReleaseLocalResources', task ':shared_preferences_android:processReleaseManifest', task ':shared_preferences_android:generateReleaseRFile', task ':shared_preferences_android:compileReleaseKotlin', task ':shared_preferences_android:extractReleaseAnnotations', task ':shared_preferences_android:javaPreCompileRelease', task ':shared_preferences_android:compileReleaseJavaWithJavac', task ':shared_preferences_android:mergeReleaseGeneratedProguardFiles', task ':shared_preferences_android:mergeReleaseConsumerProguardFiles', task ':shared_preferences_android:mergeReleaseShaders', task ':shared_preferences_android:compileReleaseShaders', task ':shared_preferences_android:generateReleaseAssets', task ':shared_preferences_android:packageReleaseAssets', task ':shared_preferences_android:prepareLintJarForPublish', task ':shared_preferences_android:prepareReleaseArtProfile', task ':shared_preferences_android:processReleaseJavaRes', task ':shared_preferences_android:mergeReleaseJavaResource', task ':shared_preferences_android:syncReleaseLibJars', task ':shared_preferences_android:writeReleaseAarMetadata', task ':shared_preferences_android:bundleReleaseLocalLintAar', task ':url_launcher_android:preBuild', task ':url_launcher_android:preReleaseBuild', task ':url_launcher_android:mergeReleaseJniLibFolders', task ':url_launcher_android:mergeReleaseNativeLibs', task ':url_launcher_android:stripReleaseDebugSymbols', task ':url_launcher_android:copyReleaseJniLibsProjectAndLocalJars', task ':url_launcher_android:generateReleaseResValues', task ':url_launcher_android:extractDeepLinksForAarRelease', task ':url_launcher_android:generateReleaseBuildConfig', task ':url_launcher_android:generateReleaseResources', task ':url_launcher_android:packageReleaseResources', task ':url_launcher_android:parseReleaseLocalResources', task ':url_launcher_android:processReleaseManifest', task ':url_launcher_android:generateReleaseRFile', task ':url_launcher_android:extractReleaseAnnotations', task ':url_launcher_android:javaPreCompileRelease', task ':url_launcher_android:compileReleaseJavaWithJavac', task ':url_launcher_android:mergeReleaseGeneratedProguardFiles', task ':url_launcher_android:mergeReleaseConsumerProguardFiles', task ':url_launcher_android:mergeReleaseShaders', task ':url_launcher_android:compileReleaseShaders', task ':url_launcher_android:generateReleaseAssets', task ':url_launcher_android:packageReleaseAssets', task ':url_launcher_android:prepareLintJarForPublish', task ':url_launcher_android:prepareReleaseArtProfile', task ':url_launcher_android:processReleaseJavaRes', task ':url_launcher_android:mergeReleaseJavaResource', task ':url_launcher_android:syncReleaseLibJars', task ':url_launcher_android:writeReleaseAarMetadata', task ':url_launcher_android:bundleReleaseLocalLintAar', task ':app:buildKotlinToolingMetadata', task ':app:compileFlutterBuildRelease', task ':app:packJniLibsflutterBuildRelease', task ':app:preBuild', task ':app:preReleaseBuild', task ':app:checkReleaseAarMetadata', task ':app:cleanMergeReleaseAssets', task ':app:mergeReleaseShaders', task ':app:compileReleaseShaders', task ':app:generateReleaseAssets', task ':app:mergeReleaseAssets', task ':app:copyFlutterAssetsRelease', task ':app:generateReleaseResValues', task ':app:mapReleaseSourceSetPaths', task ':app:generateReleaseResources', task ':app:mergeReleaseResources', task ':app:packageReleaseResources', task ':app:parseReleaseLocalResources', task ':app:createReleaseCompatibleScreenManifests', task ':app:extractDeepLinksRelease', task ':app_links:extractDeepLinksRelease', task ':path_provider_android:extractDeepLinksRelease', task ':share_plus:extractDeepLinksRelease', task ':shared_preferences_android:extractDeepLinksRelease', task ':url_launcher_android:extractDeepLinksRelease', task ':app:processReleaseMainManifest', task ':app:processReleaseManifest', task ':app:processReleaseManifestForPackage', task ':app:processReleaseResources', task ':app_links:bundleLibCompileToJarRelease', task ':path_provider_android:bundleLibCompileToJarRelease', task ':share_plus:bundleLibCompileToJarRelease', task ':shared_preferences_android:bundleLibCompileToJarRelease', task ':url_launcher_android:bundleLibCompileToJarRelease', task ':app:compileReleaseKotlin', task ':app:javaPreCompileRelease', task ':app:compileReleaseJavaWithJavac', task ':app:extractProguardFiles', task ':app_links:bundleLibRuntimeToJarRelease', task ':app_links:createFullJarRelease', task ':app_links:writeReleaseLintModelMetadata', task ':path_provider_android:bundleLibRuntimeToJarRelease', task ':path_provider_android:createFullJarRelease', task ':path_provider_android:writeReleaseLintModelMetadata', task ':share_plus:bundleLibRuntimeToJarRelease', task ':share_plus:createFullJarRelease', task ':share_plus:writeReleaseLintModelMetadata', task ':shared_preferences_android:bundleLibRuntimeToJarRelease', task ':shared_preferences_android:createFullJarRelease', task ':shared_preferences_android:writeReleaseLintModelMetadata', task ':url_launcher_android:bundleLibRuntimeToJarRelease', task ':url_launcher_android:createFullJarRelease', task ':url_launcher_android:writeReleaseLintModelMetadata', task ':app:lintVitalAnalyzeRelease', task ':app:lintVitalReportRelease', task ':app:lintVitalRelease', task ':app:mergeReleaseJniLibFolders', task ':app_links:copyReleaseJniLibsProjectOnly', task ':path_provider_android:copyReleaseJniLibsProjectOnly', task ':share_plus:copyReleaseJniLibsProjectOnly', task ':shared_preferences_android:copyReleaseJniLibsProjectOnly', task ':url_launcher_android:copyReleaseJniLibsProjectOnly', task ':app:mergeReleaseNativeLibs', task ':app:stripReleaseDebugSymbols', task ':app:extractReleaseNativeSymbolTables', task ':app:mergeReleaseNativeDebugMetadata', task ':app_links:exportReleaseConsumerProguardFiles', task ':path_provider_android:exportReleaseConsumerProguardFiles', task ':share_plus:exportReleaseConsumerProguardFiles', task ':shared_preferences_android:exportReleaseConsumerProguardFiles', task ':url_launcher_android:exportReleaseConsumerProguardFiles', task ':app:checkReleaseDuplicateClasses', task ':app:mergeReleaseArtProfile', task ':app:mergeReleaseGeneratedProguardFiles', task ':app:processReleaseJavaRes', task ':app:mergeReleaseJavaResource', task ':app:minifyReleaseWithR8', task ':app:compileReleaseArtProfile', task ':app:compressReleaseAssets', task ':app:processApplicationManifestReleaseForBundle', task ':app:bundleReleaseResources', task ':app:shrinkReleaseRes', task ':app:optimizeReleaseResources', task ':app:collectReleaseDependencies', task ':app:sdkReleaseDependencyData', task ':app:validateSigningRelease', task ':app:writeReleaseAppMetadata', task ':app:writeReleaseSigningConfigVersions', task ':app:packageRelease', task ':app:createReleaseApkListingFileRedirect', task ':app:assembleRelease', task ':app_links:bundleReleaseAar', task ':app_links:mapReleaseSourceSetPaths', task ':app_links:mergeReleaseResources', task ':app_links:verifyReleaseResources', task ':app_links:assembleRelease', task ':path_provider_android:bundleReleaseAar', task ':path_provider_android:mapReleaseSourceSetPaths', task ':path_provider_android:mergeReleaseResources', task ':path_provider_android:verifyReleaseResources', task ':path_provider_android:assembleRelease', task ':share_plus:bundleReleaseAar', task ':share_plus:mapReleaseSourceSetPaths', task ':share_plus:mergeReleaseResources', task ':share_plus:verifyReleaseResources', task ':share_plus:assembleRelease', task ':shared_preferences_android:bundleReleaseAar', task ':shared_preferences_android:mapReleaseSourceSetPaths', task ':shared_preferences_android:mergeReleaseResources', task ':shared_preferences_android:verifyReleaseResources', task ':shared_preferences_android:assembleRelease', task ':url_launcher_android:bundleReleaseAar', task ':url_launcher_android:mapReleaseSourceSetPaths', task ':url_launcher_android:mergeReleaseResources', task ':url_launcher_android:verifyReleaseResources', task ':url_launcher_android:assembleRelease']
[        ] Tasks that were excluded: []
[        ] Analytics other plugin to proto: Unknown plugin type org.gradle.kotlin.dsl.provider.plugins.KotlinScriptRootPlugin$Inject expected enum ORG_GRADLE_KOTLIN_DSL_PROVIDER_PLUGINS_KOTLINSCRIPTROOTPLUGIN
[        ] Analytics other plugin to proto: Unknown plugin type org.gradle.api.plugins.JvmEcosystemPlugin$Inject expected enum ORG_GRADLE_API_PLUGINS_JVMECOSYSTEMPLUGIN
[        ] Analytics other plugin to proto: Unknown plugin type org.gradle.api.plugins.JvmToolchainsPlugin$Inject expected enum ORG_GRADLE_API_PLUGINS_JVMTOOLCHAINSPLUGIN
[        ] Analytics other plugin to proto: Unknown plugin type org.gradle.kotlin.dsl.provider.plugins.KotlinScriptBasePlugin$Inject expected enum ORG_GRADLE_KOTLIN_DSL_PROVIDER_PLUGINS_KOTLINSCRIPTBASEPLUGIN
[        ] Analytics other plugin to proto: Unknown plugin type Dependency_version_checker_gradle$FlutterDependencyCheckerPlugin expected enum DEPENDENCY_VERSION_CHECKER_GRADLE$FLUTTERDEPENDENCYCHECKERPLUGIN
[        ] Analytics other plugin to proto: Unknown plugin type Flutter_gradle$FlutterPluginKts expected enum FLUTTER_GRADLE$FLUTTERPLUGINKTS
[        ] Analytics other plugin to proto: Unknown plugin type FlutterPlugin expected enum FLUTTERPLUGIN
[        ] Analytics other plugin to proto: Unknown plugin type org.gradle.api.plugins.JvmEcosystemPlugin$Inject expected enum ORG_GRADLE_API_PLUGINS_JVMECOSYSTEMPLUGIN
[        ] Analytics other plugin to proto: Unknown plugin type org.gradle.api.plugins.JvmToolchainsPlugin$Inject expected enum ORG_GRADLE_API_PLUGINS_JVMTOOLCHAINSPLUGIN
[        ] Analytics other plugin to proto: Unknown plugin type org.gradle.api.plugins.JvmEcosystemPlugin$Inject expected enum ORG_GRADLE_API_PLUGINS_JVMECOSYSTEMPLUGIN
[        ] Analytics other plugin to proto: Unknown plugin type org.gradle.api.plugins.JvmToolchainsPlugin$Inject expected enum ORG_GRADLE_API_PLUGINS_JVMTOOLCHAINSPLUGIN
[        ] Analytics other plugin to proto: Unknown plugin type org.gradle.api.plugins.JvmEcosystemPlugin$Inject expected enum ORG_GRADLE_API_PLUGINS_JVMECOSYSTEMPLUGIN
[        ] Analytics other plugin to proto: Unknown plugin type org.gradle.api.plugins.JvmToolchainsPlugin$Inject expected enum ORG_GRADLE_API_PLUGINS_JVMTOOLCHAINSPLUGIN
[        ] Analytics other plugin to proto: Unknown plugin type org.gradle.api.plugins.JvmEcosystemPlugin$Inject expected enum ORG_GRADLE_API_PLUGINS_JVMECOSYSTEMPLUGIN
[        ] Analytics other plugin to proto: Unknown plugin type org.gradle.api.plugins.JvmToolchainsPlugin$Inject expected enum ORG_GRADLE_API_PLUGINS_JVMTOOLCHAINSPLUGIN
[        ] Analytics other plugin to proto: Unknown plugin type org.gradle.api.plugins.JvmEcosystemPlugin$Inject expected enum ORG_GRADLE_API_PLUGINS_JVMECOSYSTEMPLUGIN
[        ] Analytics other plugin to proto: Unknown plugin type org.gradle.api.plugins.JvmToolchainsPlugin$Inject expected enum ORG_GRADLE_API_PLUGINS_JVMTOOLCHAINSPLUGIN
[        ] work action Parameters of ExtractAarTransform (Thread[#2412,Execution worker Thread 8,5,main]) started.
[        ] work action Parameters of FilterShrinkerRulesTransform (Thread[#2412,Execution worker Thread 8,5,main]) started.
[        ] Resolve mutations for :app_links:preBuild (Thread[#2412,Execution worker Thread 8,5,main]) started.
[        ] :app_links:preBuild (Thread[#2412,Execution worker Thread 8,5,main]) started.
[        ] > Task :app_links:preBuild UP-TO-DATE
[        ] Skipping task ':app_links:preBuild' as it has no actions.
[        ] Resolve mutations for :app_links:preReleaseBuild (Thread[#2412,Execution worker Thread 8,5,main]) started.
[        ] :app_links:preReleaseBuild (Thread[#2404,included builds,5,main]) started.
[        ] > Task :app_links:preReleaseBuild UP-TO-DATE
[        ] Skipping task ':app_links:preReleaseBuild' as it has no actions.
[        ] Resolve mutations for :app_links:mergeReleaseJniLibFolders (Thread[#2404,included builds,5,main]) started.
[        ] :app_links:mergeReleaseJniLibFolders (Thread[#2404,included builds,5,main]) started.
[        ] > Task :app_links:mergeReleaseJniLibFolders UP-TO-DATE
[        ] Caching disabled for task ':app_links:mergeReleaseJniLibFolders' because:
[        ]   Build cache is disabled
[        ] Skipping task ':app_links:mergeReleaseJniLibFolders' as it is up-to-date.
[        ] Resolve mutations for :app_links:mergeReleaseNativeLibs (Thread[#2404,included builds,5,main]) started.
[        ] :app_links:mergeReleaseNativeLibs (Thread[#2404,included builds,5,main]) started.
[  +89 ms] > Task :app_links:mergeReleaseNativeLibs NO-SOURCE
[        ] Skipping task ':app_links:mergeReleaseNativeLibs' as it has no source files and no previous output files.
[        ] Resolve mutations for :app_links:stripReleaseDebugSymbols (Thread[#2404,included builds,5,main]) started.
[        ] :app_links:stripReleaseDebugSymbols (Thread[#2404,included builds,5,main]) started.
[        ] > Task :app_links:stripReleaseDebugSymbols NO-SOURCE
[        ] Skipping task ':app_links:stripReleaseDebugSymbols' as it has no source files and no previous output files.
[        ] Resolve mutations for :app_links:copyReleaseJniLibsProjectAndLocalJars (Thread[#2404,included builds,5,main]) started.
[        ] :app_links:copyReleaseJniLibsProjectAndLocalJars (Thread[#2404,included builds,5,main]) started.
[        ] > Task :app_links:copyReleaseJniLibsProjectAndLocalJars UP-TO-DATE
[        ] Caching disabled for task ':app_links:copyReleaseJniLibsProjectAndLocalJars' because:
[        ]   Build cache is disabled
[        ] Skipping task ':app_links:copyReleaseJniLibsProjectAndLocalJars' as it is up-to-date.
[        ] Resolve mutations for :app_links:generateReleaseResValues (Thread[#2404,included builds,5,main]) started.
[        ] :app_links:generateReleaseResValues (Thread[#2404,included builds,5,main]) started.
[        ] > Task :app_links:generateReleaseResValues UP-TO-DATE
[        ] Caching disabled for task ':app_links:generateReleaseResValues' because:
[        ]   Build cache is disabled
[        ] Skipping task ':app_links:generateReleaseResValues' as it is up-to-date.
[        ] Resolve mutations for :app_links:extractDeepLinksForAarRelease (Thread[#2404,included builds,5,main]) started.
[        ] :app_links:extractDeepLinksForAarRelease (Thread[#2404,included builds,5,main]) started.
[        ] > Task :app_links:extractDeepLinksForAarRelease UP-TO-DATE
[        ] Caching disabled for task ':app_links:extractDeepLinksForAarRelease' because:
[        ]   Build cache is disabled
[        ] Skipping task ':app_links:extractDeepLinksForAarRelease' as it is up-to-date.
[        ] Resolve mutations for :app_links:generateReleaseResources (Thread[#2404,included builds,5,main]) started.
[        ] :app_links:generateReleaseResources (Thread[#2404,included builds,5,main]) started.
[        ] > Task :app_links:generateReleaseResources UP-TO-DATE
[        ] Skipping task ':app_links:generateReleaseResources' as it has no actions.
[        ] Resolve mutations for :app_links:packageReleaseResources (Thread[#2404,included builds,5,main]) started.
[        ] :app_links:packageReleaseResources (Thread[#2404,included builds,5,main]) started.
[        ] > Task :app_links:packageReleaseResources UP-TO-DATE
[        ] Caching disabled for task ':app_links:packageReleaseResources' because:
[        ]   Build cache is disabled
[        ] Skipping task ':app_links:packageReleaseResources' as it is up-to-date.
[        ] work action resolve release (project :app_links) (Thread[#2404,included builds,5,main]) started.
[        ] Resolve mutations for :app_links:parseReleaseLocalResources (Thread[#2404,included builds,5,main]) started.
[        ] :app_links:parseReleaseLocalResources (Thread[#2404,included builds,5,main]) started.
[        ] > Task :app_links:parseReleaseLocalResources UP-TO-DATE
[        ] Transforming android.jar with PlatformAttrTransform
[        ] Transforming android.jar with PlatformAttrTransform
[        ] Caching disabled for task ':app_links:parseReleaseLocalResources' because:
[        ]   Build cache is disabled
[        ] Skipping task ':app_links:parseReleaseLocalResources' as it is up-to-date.
[        ] Resolve mutations for :app_links:processReleaseManifest (Thread[#2404,included builds,5,main]) started.
[        ] :app_links:processReleaseManifest (Thread[#2404,included builds,5,main]) started.
[        ] > Task :app_links:processReleaseManifest UP-TO-DATE
[        ] Caching disabled for task ':app_links:processReleaseManifest' because:
[        ]   Build cache is disabled
[        ] Skipping task ':app_links:processReleaseManifest' as it is up-to-date.
[        ] work action resolve AndroidManifest.xml (project :app_links) (Thread[#2404,included builds,5,main]) started.
[        ] work action resolve AndroidManifest.xml (project :app_links) (Thread[#2404,included builds,5,main]) started.
[        ] Resolve mutations for :app_links:generateReleaseRFile (Thread[#2404,included builds,5,main]) started.
[        ] :app_links:generateReleaseRFile (Thread[#2404,included builds,5,main]) started.
[        ] > Task :app_links:generateReleaseRFile UP-TO-DATE
[        ] Transforming android.jar with PlatformAttrTransform
[        ] Caching disabled for task ':app_links:generateReleaseRFile' because:
[        ]   Build cache is disabled
[        ] Skipping task ':app_links:generateReleaseRFile' as it is up-to-date.
[        ] work action resolve package-aware-r.txt (project :app_links) (Thread[#2404,included builds,5,main]) started.
[        ] Resolve mutations for :app_links:extractReleaseAnnotations (Thread[#2419,Execution worker Thread 15,5,main]) started.
[        ] :app_links:extractReleaseAnnotations (Thread[#2419,Execution worker Thread 15,5,main]) started.
[        ] > Task :app_links:extractReleaseAnnotations UP-TO-DATE
[        ] Transforming flutter_embedding_release-1.0.0-a18df97ca57a249df5d8d68cd0820600223ce262.jar (io.flutter:flutter_embedding_release:1.0.0-a18df97ca57a249df5d8d68cd0820600223ce262) with JetifyTransform
[        ] Transforming fragment-1.7.1.aar (androidx.fragment:fragment:1.7.1) with JetifyTransform
[        ] Transforming flutter_embedding_release-1.0.0-a18df97ca57a249df5d8d68cd0820600223ce262.jar (io.flutter:flutter_embedding_release:1.0.0-a18df97ca57a249df5d8d68cd0820600223ce262) with IdentityTransform
[        ] Transforming fragment-1.7.1.aar (androidx.fragment:fragment:1.7.1) with AarToClassTransform
[        ] Transforming activity-1.8.1.aar (androidx.activity:activity:1.8.1) with JetifyTransform
[        ] Transforming activity-1.8.1.aar (androidx.activity:activity:1.8.1) with AarToClassTransform
[        ] Transforming loader-1.0.0.aar (androidx.loader:loader:1.0.0) with JetifyTransform
[        ] Transforming loader-1.0.0.aar (androidx.loader:loader:1.0.0) with AarToClassTransform
[        ] Transforming lifecycle-livedata-core-ktx-2.7.0.aar (androidx.lifecycle:lifecycle-livedata-core-ktx:2.7.0) with JetifyTransform
[        ] Transforming lifecycle-livedata-core-ktx-2.7.0.aar (androidx.lifecycle:lifecycle-livedata-core-ktx:2.7.0) with AarToClassTransform
[        ] Transforming lifecycle-viewmodel-2.7.0.aar (androidx.lifecycle:lifecycle-viewmodel:2.7.0) with JetifyTransform
[        ] Transforming lifecycle-viewmodel-2.7.0.aar (androidx.lifecycle:lifecycle-viewmodel:2.7.0) with AarToClassTransform
[        ] Transforming lifecycle-viewmodel-2.7.0.aar (androidx.lifecycle:lifecycle-viewmodel:2.7.0) with JetifyTransform
[        ] Transforming lifecycle-viewmodel-2.7.0.aar (androidx.lifecycle:lifecycle-viewmodel:2.7.0) with AarToClassTransform
[        ] Transforming lifecycle-livedata-core-2.7.0.aar (androidx.lifecycle:lifecycle-livedata-core:2.7.0) with JetifyTransform
[        ] Transforming lifecycle-livedata-2.7.0.aar (androidx.lifecycle:lifecycle-livedata:2.7.0) with JetifyTransform
[        ] Transforming lifecycle-livedata-core-2.7.0.aar (androidx.lifecycle:lifecycle-livedata-core:2.7.0) with AarToClassTransform
[        ] Transforming lifecycle-livedata-2.7.0.aar (androidx.lifecycle:lifecycle-livedata:2.7.0) with AarToClassTransform
[        ] Transforming lifecycle-viewmodel-savedstate-2.7.0.aar (androidx.lifecycle:lifecycle-viewmodel-savedstate:2.7.0) with JetifyTransform
[        ] Transforming lifecycle-viewmodel-savedstate-2.7.0.aar (androidx.lifecycle:lifecycle-viewmodel-savedstate:2.7.0) with AarToClassTransform
[        ] Transforming core-ktx-1.13.1.aar (androidx.core:core-ktx:1.13.1) with JetifyTransform
[        ] Transforming core-ktx-1.13.1.aar (androidx.core:core-ktx:1.13.1) with AarToClassTransform
[        ] Transforming core-1.13.1.aar (androidx.core:core:1.13.1) with JetifyTransform
[        ] Transforming core-1.13.1.aar (androidx.core:core:1.13.1) with AarToClassTransform
[        ] Transforming viewpager-1.0.0.aar (androidx.viewpager:viewpager:1.0.0) with JetifyTransform
[        ] Transforming annotations-23.0.0.jar (org.jetbrains:annotations:23.0.0) with JetifyTransform
[        ] Transforming viewpager-1.0.0.aar (androidx.viewpager:viewpager:1.0.0) with AarToClassTransform
[        ] Transforming lifecycle-common-2.7.0.jar (androidx.lifecycle:lifecycle-common:2.7.0) with JetifyTransform
[        ] Transforming annotations-23.0.0.jar (org.jetbrains:annotations:23.0.0) with IdentityTransform
[        ] Transforming lifecycle-common-2.7.0.jar (androidx.lifecycle:lifecycle-common:2.7.0) with IdentityTransform
[        ] Transforming customview-1.0.0.aar (androidx.customview:customview:1.0.0) with JetifyTransform
[        ] Transforming customview-1.0.0.aar (androidx.customview:customview:1.0.0) with AarToClassTransform
[        ] Transforming collection-1.1.0.jar (androidx.collection:collection:1.1.0) with JetifyTransform
[        ] Transforming collection-1.1.0.jar (androidx.collection:collection:1.1.0) with IdentityTransform
[        ] Transforming core-1.13.1.aar (androidx.core:core:1.13.1) with JetifyTransform
[        ] Transforming core-1.13.1.aar (androidx.core:core:1.13.1) with JetifyTransform
[        ] Transforming core-1.13.1.aar (androidx.core:core:1.13.1) with AarToClassTransform
[        ] Transforming core-1.13.1.aar (androidx.core:core:1.13.1) with AarToClassTransform
[        ] Transforming core-1.13.1.aar (androidx.core:core:1.13.1) with JetifyTransform
[        ] Transforming core-runtime-2.2.0.aar (androidx.arch.core:core-runtime:2.2.0) with JetifyTransform
[        ] Transforming core-1.13.1.aar (androidx.core:core:1.13.1) with AarToClassTransform
[        ] Transforming core-runtime-2.2.0.aar (androidx.arch.core:core-runtime:2.2.0) with AarToClassTransform
[        ] Transforming savedstate-1.2.1.aar (androidx.savedstate:savedstate:1.2.1) with JetifyTransform
[        ] Transforming savedstate-1.2.1.aar (androidx.savedstate:savedstate:1.2.1) with AarToClassTransform
[        ] Transforming kotlinx-coroutines-core-jvm-1.7.1.jar (org.jetbrains.kotlinx:kotlinx-coroutines-core-jvm:1.7.1) with JetifyTransform
[        ] Transforming kotlinx-coroutines-core-jvm-1.7.1.jar (org.jetbrains.kotlinx:kotlinx-coroutines-core-jvm:1.7.1) with IdentityTransform
[        ] Transforming kotlin-stdlib-jdk7-1.8.20.jar (org.jetbrains.kotlin:kotlin-stdlib-jdk7:1.8.20) with JetifyTransform
[        ] Transforming kotlin-stdlib-jdk7-1.8.20.jar (org.jetbrains.kotlin:kotlin-stdlib-jdk7:1.8.20) with IdentityTransform
[        ] Transforming window-java-1.2.0.aar (androidx.window:window-java:1.2.0) with JetifyTransform
[        ] Transforming window-java-1.2.0.aar (androidx.window:window-java:1.2.0) with AarToClassTransform
[        ] Transforming lifecycle-runtime-2.7.0.aar (androidx.lifecycle:lifecycle-runtime:2.7.0) with JetifyTransform
[        ] Transforming lifecycle-runtime-2.7.0.aar (androidx.lifecycle:lifecycle-runtime:2.7.0) with AarToClassTransform
[        ] Transforming window-1.2.0.aar (androidx.window:window:1.2.0) with JetifyTransform
[        ] Transforming window-1.2.0.aar (androidx.window:window:1.2.0) with AarToClassTransform
[        ] Transforming kotlinx-coroutines-android-1.7.1.jar (org.jetbrains.kotlinx:kotlinx-coroutines-android:1.7.1) with JetifyTransform
[        ] Transforming kotlin-stdlib-1.8.22.jar (org.jetbrains.kotlin:kotlin-stdlib:1.8.22) with JetifyTransform
[        ] Transforming kotlinx-coroutines-android-1.7.1.jar (org.jetbrains.kotlinx:kotlinx-coroutines-android:1.7.1) with IdentityTransform
[        ] Transforming startup-runtime-1.1.1.aar (androidx.startup:startup-runtime:1.1.1) with JetifyTransform
[        ] Transforming kotlin-stdlib-1.8.22.jar (org.jetbrains.kotlin:kotlin-stdlib:1.8.22) with IdentityTransform
[        ] Transforming annotation-experimental-1.4.0.aar (androidx.annotation:annotation-experimental:1.4.0) with JetifyTransform
[        ] Transforming startup-runtime-1.1.1.aar (androidx.startup:startup-runtime:1.1.1) with AarToClassTransform
[        ] Transforming lifecycle-process-2.7.0.aar (androidx.lifecycle:lifecycle-process:2.7.0) with JetifyTransform
[        ] Transforming annotation-experimental-1.4.0.aar (androidx.annotation:annotation-experimental:1.4.0) with AarToClassTransform
[        ] Transforming lifecycle-process-2.7.0.aar (androidx.lifecycle:lifecycle-process:2.7.0) with AarToClassTransform
[        ] Transforming kotlin-stdlib-common-1.8.22.jar (org.jetbrains.kotlin:kotlin-stdlib-common:1.8.22) with JetifyTransform
[        ] Transforming kotlin-stdlib-common-1.8.22.jar (org.jetbrains.kotlin:kotlin-stdlib-common:1.8.22) with IdentityTransform
[        ] Transforming kotlin-stdlib-jdk8-1.8.20.jar (org.jetbrains.kotlin:kotlin-stdlib-jdk8:1.8.20) with JetifyTransform
[        ] Transforming kotlin-stdlib-jdk8-1.8.20.jar (org.jetbrains.kotlin:kotlin-stdlib-jdk8:1.8.20) with IdentityTransform
[        ] Transforming annotation-jvm-1.8.0.jar (androidx.annotation:annotation-jvm:1.8.0) with JetifyTransform
[        ] Transforming safe-parcel-1.7.0.aar (org.microg:safe-parcel:1.7.0) with JetifyTransform
[        ] Transforming annotation-jvm-1.8.0.jar (androidx.annotation:annotation-jvm:1.8.0) with IdentityTransform
[        ] Transforming safe-parcel-1.7.0.aar (org.microg:safe-parcel:1.7.0) with AarToClassTransform
[        ] Transforming lifecycle-common-java8-2.7.0.jar (androidx.lifecycle:lifecycle-common-java8:2.7.0) with JetifyTransform
[        ] Transforming lifecycle-common-java8-2.7.0.jar (androidx.lifecycle:lifecycle-common-java8:2.7.0) with IdentityTransform
[        ] Transforming core-common-2.2.0.jar (androidx.arch.core:core-common:2.2.0) with JetifyTransform
[        ] Transforming core-common-2.2.0.jar (androidx.arch.core:core-common:2.2.0) with IdentityTransform
[        ] Transforming versionedparcelable-1.1.1.aar (androidx.versionedparcelable:versionedparcelable:1.1.1) with JetifyTransform
[        ] Transforming tracing-1.2.0.aar (androidx.tracing:tracing:1.2.0) with JetifyTransform
[        ] Transforming versionedparcelable-1.1.1.aar (androidx.versionedparcelable:versionedparcelable:1.1.1) with AarToClassTransform
[        ] Transforming tracing-1.2.0.aar (androidx.tracing:tracing:1.2.0) with AarToClassTransform
[        ] Caching disabled for task ':app_links:extractReleaseAnnotations' because:
[        ]   Build cache is disabled
[        ] Skipping task ':app_links:extractReleaseAnnotations' as it is up-to-date.
[        ] Resolve mutations for :app_links:javaPreCompileRelease (Thread[#2419,Execution worker Thread 15,5,main]) started.
[        ] :app_links:javaPreCompileRelease (Thread[#2419,Execution worker Thread 15,5,main]) started.
[        ] > Task :app_links:javaPreCompileRelease UP-TO-DATE
[        ] Caching disabled for task ':app_links:javaPreCompileRelease' because:
[        ]   Build cache is disabled
[        ] Skipping task ':app_links:javaPreCompileRelease' as it is up-to-date.
[        ] Resolve mutations for :app_links:compileReleaseJavaWithJavac (Thread[#2419,Execution worker Thread 15,5,main]) started.
[        ] :app_links:compileReleaseJavaWithJavac (Thread[#2419,Execution worker Thread 15,5,main]) started.
[        ] > Task :app_links:compileReleaseJavaWithJavac UP-TO-DATE
[        ] Caching disabled for task ':app_links:compileReleaseJavaWithJavac' because:
[        ]   Build cache is disabled
[        ] Skipping task ':app_links:compileReleaseJavaWithJavac' as it is up-to-date.
[        ] No compile result for :app_links:compileReleaseJavaWithJavac
[        ] Resolve mutations for :app_links:mergeReleaseGeneratedProguardFiles (Thread[#2419,Execution worker Thread 15,5,main]) started.
[        ] :app_links:mergeReleaseGeneratedProguardFiles (Thread[#2419,Execution worker Thread 15,5,main]) started.
[        ] > Task :app_links:mergeReleaseGeneratedProguardFiles UP-TO-DATE
[        ] Caching disabled for task ':app_links:mergeReleaseGeneratedProguardFiles' because:
[        ]   Build cache is disabled
[        ] Skipping task ':app_links:mergeReleaseGeneratedProguardFiles' as it is up-to-date.
[        ] Resolve mutations for :app_links:mergeReleaseConsumerProguardFiles (Thread[#2419,Execution worker Thread 15,5,main]) started.
[        ] :app_links:mergeReleaseConsumerProguardFiles (Thread[#2419,Execution worker Thread 15,5,main]) started.
[        ] > Task :app_links:mergeReleaseConsumerProguardFiles UP-TO-DATE
[        ] Caching disabled for task ':app_links:mergeReleaseConsumerProguardFiles' because:
[        ]   Build cache is disabled
[        ] Skipping task ':app_links:mergeReleaseConsumerProguardFiles' as it is up-to-date.
[        ] Resolve mutations for :app_links:mergeReleaseShaders (Thread[#2419,Execution worker Thread 15,5,main]) started.
[        ] :app_links:mergeReleaseShaders (Thread[#2419,Execution worker Thread 15,5,main]) started.
[        ] > Task :app_links:mergeReleaseShaders UP-TO-DATE
[        ] Caching disabled for task ':app_links:mergeReleaseShaders' because:
[        ]   Build cache is disabled
[        ] Skipping task ':app_links:mergeReleaseShaders' as it is up-to-date.
[        ] Resolve mutations for :app_links:compileReleaseShaders (Thread[#2419,Execution worker Thread 15,5,main]) started.
[        ] :app_links:compileReleaseShaders (Thread[#2419,Execution worker Thread 15,5,main]) started.
[        ] > Task :app_links:compileReleaseShaders NO-SOURCE
[        ] Skipping task ':app_links:compileReleaseShaders' as it has no source files and no previous output files.
[        ] Resolve mutations for :app_links:generateReleaseAssets (Thread[#2419,Execution worker Thread 15,5,main]) started.
[        ] :app_links:generateReleaseAssets (Thread[#2416,Execution worker Thread 12,5,main]) started.
[        ] > Task :app_links:generateReleaseAssets UP-TO-DATE
[        ] Skipping task ':app_links:generateReleaseAssets' as it has no actions.
[        ] Resolve mutations for :app_links:packageReleaseAssets (Thread[#2416,Execution worker Thread 12,5,main]) started.
[        ] :app_links:packageReleaseAssets (Thread[#2409,Execution worker Thread 5,5,main]) started.
[        ] > Task :app_links:packageReleaseAssets UP-TO-DATE
[        ] Caching disabled for task ':app_links:packageReleaseAssets' because:
[        ]   Build cache is disabled
[        ] Skipping task ':app_links:packageReleaseAssets' as it is up-to-date.
[        ] work action resolve out (project :app_links) (Thread[#2409,Execution worker Thread 5,5,main]) started.
[        ] Resolve mutations for :app_links:prepareLintJarForPublish (Thread[#2409,Execution worker Thread 5,5,main]) started.
[        ] :app_links:prepareLintJarForPublish (Thread[#2409,Execution worker Thread 5,5,main]) started.
[        ] > Task :app_links:prepareLintJarForPublish UP-TO-DATE
[        ] Caching disabled for task ':app_links:prepareLintJarForPublish' because:
[        ]   Build cache is disabled
[        ] Skipping task ':app_links:prepareLintJarForPublish' as it is up-to-date.
[        ] work action resolve lint.jar (project :app_links) (Thread[#2409,Execution worker Thread 5,5,main]) started.
[        ] work action resolve lint.jar (project :app_links) (Thread[#2409,Execution worker Thread 5,5,main]) started.
[        ] Resolve mutations for :app_links:prepareReleaseArtProfile (Thread[#2409,Execution worker Thread 5,5,main]) started.
[        ] :app_links:prepareReleaseArtProfile (Thread[#2409,Execution worker Thread 5,5,main]) started.
[        ] > Task :app_links:prepareReleaseArtProfile UP-TO-DATE
[        ] Caching disabled for task ':app_links:prepareReleaseArtProfile' because:
[        ]   Build cache is disabled
[        ] Skipping task ':app_links:prepareReleaseArtProfile' as it is up-to-date.
[        ] work action resolve baseline-prof.txt (project :app_links) (Thread[#2409,Execution worker Thread 5,5,main]) started.
[        ] Resolve mutations for :app_links:processReleaseJavaRes (Thread[#2409,Execution worker Thread 5,5,main]) started.
[        ] :app_links:processReleaseJavaRes (Thread[#2409,Execution worker Thread 5,5,main]) started.
[        ] > Task :app_links:processReleaseJavaRes NO-SOURCE
[        ] file or directory 'C:\Users\deshm\AppData\Local\Pub\Cache\hosted\pub.dev\app_links-6.3.0\android\src\main\resources', not found
[        ] file or directory 'C:\Users\deshm\AppData\Local\Pub\Cache\hosted\pub.dev\app_links-6.3.0\android\src\release\resources', not found
[        ] Skipping task ':app_links:processReleaseJavaRes' as it has no source files and no previous output files.
[        ] work action resolve out (project :app_links) (Thread[#2409,Execution worker Thread 5,5,main]) started.
[        ] Resolve mutations for :app_links:mergeReleaseJavaResource (Thread[#2409,Execution worker Thread 5,5,main]) started.
[        ] :app_links:mergeReleaseJavaResource (Thread[#2409,Execution worker Thread 5,5,main]) started.
[ +373 ms] > Task :app_links:mergeReleaseJavaResource UP-TO-DATE
[        ] Caching disabled for task ':app_links:mergeReleaseJavaResource' because:
[        ]   Build cache is disabled
[        ] Skipping task ':app_links:mergeReleaseJavaResource' as it is up-to-date.
[        ] Resolve mutations for :app_links:syncReleaseLibJars (Thread[#2409,Execution worker Thread 5,5,main]) started.
[        ] :app_links:syncReleaseLibJars (Thread[#2409,Execution worker Thread 5,5,main]) started.
[        ] > Task :app_links:syncReleaseLibJars UP-TO-DATE
[        ] Caching disabled for task ':app_links:syncReleaseLibJars' because:
[        ]   Build cache is disabled
[        ] Skipping task ':app_links:syncReleaseLibJars' as it is up-to-date.
[        ] Resolve mutations for :app_links:writeReleaseAarMetadata (Thread[#2409,Execution worker Thread 5,5,main]) started.
[        ] :app_links:writeReleaseAarMetadata (Thread[#2409,Execution worker Thread 5,5,main]) started.
[        ] > Task :app_links:writeReleaseAarMetadata UP-TO-DATE
[        ] Caching disabled for task ':app_links:writeReleaseAarMetadata' because:
[        ]   Build cache is disabled
[        ] Skipping task ':app_links:writeReleaseAarMetadata' as it is up-to-date.
[        ] work action resolve aar-metadata.properties (project :app_links) (Thread[#2409,Execution worker Thread 5,5,main]) started.
[        ] Resolve mutations for :app_links:bundleReleaseLocalLintAar (Thread[#2409,Execution worker Thread 5,5,main]) started.
[        ] :app_links:bundleReleaseLocalLintAar (Thread[#2409,Execution worker Thread 5,5,main]) started.
[        ] > Task :app_links:bundleReleaseLocalLintAar UP-TO-DATE
[        ] Caching disabled for task ':app_links:bundleReleaseLocalLintAar' because:
[        ]   Build cache is disabled
[        ] Skipping task ':app_links:bundleReleaseLocalLintAar' as it is up-to-date.
[        ] work action resolve out.aar (project :app_links) (Thread[#2409,Execution worker Thread 5,5,main]) started.
[        ] work action resolve out.aar (project :app_links) (Thread[#2409,Execution worker Thread 5,5,main]) started.
[        ] ExtractAarTransform (Thread[#2415,Execution worker Thread 11,5,main]) started.
[        ] ExtractAarTransform (Thread[#2408,Execution worker Thread 4,5,main]) started.
[        ] Resolve mutations for :path_provider_android:preBuild (Thread[#2409,Execution worker Thread 5,5,main]) started.
[        ] :path_provider_android:preBuild (Thread[#2409,Execution worker Thread 5,5,main]) started.
[        ] > Task :path_provider_android:preBuild UP-TO-DATE
[        ] Skipping task ':path_provider_android:preBuild' as it has no actions.
[        ] Resolve mutations for :path_provider_android:preReleaseBuild (Thread[#2409,Execution worker Thread 5,5,main]) started.
[        ] :path_provider_android:preReleaseBuild (Thread[#2409,Execution worker Thread 5,5,main]) started.
[        ] > Task :path_provider_android:preReleaseBuild UP-TO-DATE
[        ] Skipping task ':path_provider_android:preReleaseBuild' as it has no actions.
[        ] Resolve mutations for :path_provider_android:mergeReleaseJniLibFolders (Thread[#2409,Execution worker Thread 5,5,main]) started.
[        ] :path_provider_android:mergeReleaseJniLibFolders (Thread[#2409,Execution worker Thread 5,5,main]) started.
[        ] > Task :path_provider_android:mergeReleaseJniLibFolders UP-TO-DATE
[        ] Caching disabled for task ':path_provider_android:mergeReleaseJniLibFolders' because:
[        ]   Build cache is disabled
[        ] Skipping task ':path_provider_android:mergeReleaseJniLibFolders' as it is up-to-date.
[        ] Resolve mutations for :path_provider_android:mergeReleaseNativeLibs (Thread[#2409,Execution worker Thread 5,5,main]) started.
[        ] :path_provider_android:mergeReleaseNativeLibs (Thread[#2409,Execution worker Thread 5,5,main]) started.
[        ] > Transform out.aar (project :app_links) with ExtractAarTransform
[        ] Transforming out.aar (project :app_links) with ExtractAarTransform
[        ] Caching disabled for ExtractAarTransform: D:\My_Revive\My_Revive\nexus_flutter\build\app_links\intermediates\local_aar_for_lint\release\out.aar because:
[        ]   Build cache is disabled
[        ] Skipping ExtractAarTransform: D:\My_Revive\My_Revive\nexus_flutter\build\app_links\intermediates\local_aar_for_lint\release\out.aar as it is up-to-date.
[        ] > Transform out.aar (project :app_links) with ExtractAarTransform
[        ] Transforming out.aar (project :app_links) with ExtractAarTransform
[        ] > Task :path_provider_android:mergeReleaseNativeLibs NO-SOURCE
[        ] Skipping task ':path_provider_android:mergeReleaseNativeLibs' as it has no source files and no previous output files.
[        ] Resolve mutations for :path_provider_android:stripReleaseDebugSymbols (Thread[#2409,Execution worker Thread 5,5,main]) started.
[        ] :path_provider_android:stripReleaseDebugSymbols (Thread[#2409,Execution worker Thread 5,5,main]) started.
[        ] > Task :path_provider_android:stripReleaseDebugSymbols NO-SOURCE
[        ] Skipping task ':path_provider_android:stripReleaseDebugSymbols' as it has no source files and no previous output files.
[        ] Resolve mutations for :path_provider_android:copyReleaseJniLibsProjectAndLocalJars (Thread[#2409,Execution worker Thread 5,5,main]) started.
[        ] :path_provider_android:copyReleaseJniLibsProjectAndLocalJars (Thread[#2409,Execution worker Thread 5,5,main]) started.
[        ] > Task :path_provider_android:copyReleaseJniLibsProjectAndLocalJars UP-TO-DATE
[        ] Caching disabled for task ':path_provider_android:copyReleaseJniLibsProjectAndLocalJars' because:
[        ]   Build cache is disabled
[        ] Skipping task ':path_provider_android:copyReleaseJniLibsProjectAndLocalJars' as it is up-to-date.
[        ] Resolve mutations for :path_provider_android:generateReleaseResValues (Thread[#2409,Execution worker Thread 5,5,main]) started.
[        ] :path_provider_android:generateReleaseResValues (Thread[#2409,Execution worker Thread 5,5,main]) started.
[        ] > Task :path_provider_android:generateReleaseResValues UP-TO-DATE
[        ] Caching disabled for task ':path_provider_android:generateReleaseResValues' because:
[        ]   Build cache is disabled
[        ] Skipping task ':path_provider_android:generateReleaseResValues' as it is up-to-date.
[        ] Resolve mutations for :path_provider_android:extractDeepLinksForAarRelease (Thread[#2409,Execution worker Thread 5,5,main]) started.
[        ] :path_provider_android:extractDeepLinksForAarRelease (Thread[#2409,Execution worker Thread 5,5,main]) started.
[        ] > Task :path_provider_android:extractDeepLinksForAarRelease UP-TO-DATE
[        ] Caching disabled for task ':path_provider_android:extractDeepLinksForAarRelease' because:
[        ]   Build cache is disabled
[        ] Skipping task ':path_provider_android:extractDeepLinksForAarRelease' as it is up-to-date.
[        ] Resolve mutations for :path_provider_android:generateReleaseResources (Thread[#2409,Execution worker Thread 5,5,main]) started.
[        ] :path_provider_android:generateReleaseResources (Thread[#2409,Execution worker Thread 5,5,main]) started.
[        ] > Task :path_provider_android:generateReleaseResources UP-TO-DATE
[        ] Skipping task ':path_provider_android:generateReleaseResources' as it has no actions.
[        ] Resolve mutations for :path_provider_android:packageReleaseResources (Thread[#2409,Execution worker Thread 5,5,main]) started.
[        ] :path_provider_android:packageReleaseResources (Thread[#2409,Execution worker Thread 5,5,main]) started.
[   +1 ms] > Task :path_provider_android:packageReleaseResources UP-TO-DATE
[        ] Caching disabled for task ':path_provider_android:packageReleaseResources' because:
[        ]   Build cache is disabled
[        ] Skipping task ':path_provider_android:packageReleaseResources' as it is up-to-date.
[        ] work action resolve release (project :path_provider_android) (Thread[#2409,Execution worker Thread 5,5,main]) started.
[        ] Resolve mutations for :path_provider_android:parseReleaseLocalResources (Thread[#2404,included builds,5,main]) started.
[        ] :path_provider_android:parseReleaseLocalResources (Thread[#2404,included builds,5,main]) started.
[        ] > Task :path_provider_android:parseReleaseLocalResources UP-TO-DATE
[        ] Transforming android.jar with PlatformAttrTransform
[        ] Transforming android.jar with PlatformAttrTransform
[        ] Caching disabled for task ':path_provider_android:parseReleaseLocalResources' because:
[        ]   Build cache is disabled
[        ] Skipping task ':path_provider_android:parseReleaseLocalResources' as it is up-to-date.
[        ] Resolve mutations for :path_provider_android:processReleaseManifest (Thread[#2404,included builds,5,main]) started.
[        ] :path_provider_android:processReleaseManifest (Thread[#2404,included builds,5,main]) started.
[        ] > Task :path_provider_android:processReleaseManifest UP-TO-DATE
[        ] Caching disabled for task ':path_provider_android:processReleaseManifest' because:
[        ]   Build cache is disabled
[        ] Skipping task ':path_provider_android:processReleaseManifest' as it is up-to-date.
[        ] work action resolve AndroidManifest.xml (project :path_provider_android) (Thread[#2404,included builds,5,main]) started.
[        ] work action resolve AndroidManifest.xml (project :path_provider_android) (Thread[#2412,Execution worker Thread 8,5,main]) started.
[        ] Resolve mutations for :path_provider_android:generateReleaseRFile (Thread[#2412,Execution worker Thread 8,5,main]) started.
[        ] :path_provider_android:generateReleaseRFile (Thread[#2412,Execution worker Thread 8,5,main]) started.
[        ] > Task :path_provider_android:generateReleaseRFile UP-TO-DATE
[        ] Transforming android.jar with PlatformAttrTransform
[        ] Caching disabled for task ':path_provider_android:generateReleaseRFile' because:
[        ]   Build cache is disabled
[        ] Skipping task ':path_provider_android:generateReleaseRFile' as it is up-to-date.
[        ] work action resolve package-aware-r.txt (project :path_provider_android) (Thread[#2412,Execution worker Thread 8,5,main]) started.
[        ] Resolve mutations for :path_provider_android:extractReleaseAnnotations (Thread[#2412,Execution worker Thread 8,5,main]) started.
[        ] :path_provider_android:extractReleaseAnnotations (Thread[#2412,Execution worker Thread 8,5,main]) started.
[        ] > Task :path_provider_android:extractReleaseAnnotations UP-TO-DATE
[        ] Transforming flutter_embedding_release-1.0.0-a18df97ca57a249df5d8d68cd0820600223ce262.jar (io.flutter:flutter_embedding_release:1.0.0-a18df97ca57a249df5d8d68cd0820600223ce262) with JetifyTransform
[        ] Transforming flutter_embedding_release-1.0.0-a18df97ca57a249df5d8d68cd0820600223ce262.jar (io.flutter:flutter_embedding_release:1.0.0-a18df97ca57a249df5d8d68cd0820600223ce262) with IdentityTransform
[        ] Transforming fragment-1.7.1.aar (androidx.fragment:fragment:1.7.1) with JetifyTransform
[        ] Transforming fragment-1.7.1.aar (androidx.fragment:fragment:1.7.1) with AarToClassTransform
[        ] Transforming activity-1.8.1.aar (androidx.activity:activity:1.8.1) with JetifyTransform
[        ] Transforming activity-1.8.1.aar (androidx.activity:activity:1.8.1) with AarToClassTransform
[        ] Transforming loader-1.0.0.aar (androidx.loader:loader:1.0.0) with JetifyTransform
[        ] Transforming loader-1.0.0.aar (androidx.loader:loader:1.0.0) with AarToClassTransform
[        ] Transforming lifecycle-livedata-core-ktx-2.7.0.aar (androidx.lifecycle:lifecycle-livedata-core-ktx:2.7.0) with JetifyTransform
[        ] Transforming lifecycle-livedata-core-ktx-2.7.0.aar (androidx.lifecycle:lifecycle-livedata-core-ktx:2.7.0) with AarToClassTransform
[        ] Transforming lifecycle-livedata-2.7.0.aar (androidx.lifecycle:lifecycle-livedata:2.7.0) with JetifyTransform
[        ] Transforming lifecycle-livedata-2.7.0.aar (androidx.lifecycle:lifecycle-livedata:2.7.0) with AarToClassTransform
[        ] Transforming lifecycle-viewmodel-2.7.0.aar (androidx.lifecycle:lifecycle-viewmodel:2.7.0) with JetifyTransform
[        ] Transforming lifecycle-viewmodel-2.7.0.aar (androidx.lifecycle:lifecycle-viewmodel:2.7.0) with AarToClassTransform
[        ] Transforming lifecycle-viewmodel-2.7.0.aar (androidx.lifecycle:lifecycle-viewmodel:2.7.0) with JetifyTransform
[        ] Transforming lifecycle-viewmodel-2.7.0.aar (androidx.lifecycle:lifecycle-viewmodel:2.7.0) with AarToClassTransform
[        ] Transforming lifecycle-livedata-core-2.7.0.aar (androidx.lifecycle:lifecycle-livedata-core:2.7.0) with JetifyTransform
[        ] Transforming lifecycle-livedata-core-2.7.0.aar (androidx.lifecycle:lifecycle-livedata-core:2.7.0) with AarToClassTransform
[        ] Transforming lifecycle-viewmodel-savedstate-2.7.0.aar (androidx.lifecycle:lifecycle-viewmodel-savedstate:2.7.0) with JetifyTransform
[        ] Transforming lifecycle-viewmodel-savedstate-2.7.0.aar (androidx.lifecycle:lifecycle-viewmodel-savedstate:2.7.0) with AarToClassTransform
[        ] Transforming core-ktx-1.13.1.aar (androidx.core:core-ktx:1.13.1) with JetifyTransform
[        ] Transforming core-ktx-1.13.1.aar (androidx.core:core-ktx:1.13.1) with AarToClassTransform
[        ] Transforming viewpager-1.0.0.aar (androidx.viewpager:viewpager:1.0.0) with JetifyTransform
[        ] Transforming viewpager-1.0.0.aar (androidx.viewpager:viewpager:1.0.0) with AarToClassTransform
[        ] Transforming customview-1.0.0.aar (androidx.customview:customview:1.0.0) with JetifyTransform
[        ] Transforming customview-1.0.0.aar (androidx.customview:customview:1.0.0) with AarToClassTransform
[        ] Transforming core-1.13.1.aar (androidx.core:core:1.13.1) with JetifyTransform
[        ] Transforming core-1.13.1.aar (androidx.core:core:1.13.1) with AarToClassTransform
[        ] Transforming core-1.13.1.aar (androidx.core:core:1.13.1) with JetifyTransform
[        ] Transforming core-1.13.1.aar (androidx.core:core:1.13.1) with AarToClassTransform
[        ] Transforming lifecycle-runtime-2.7.0.aar (androidx.lifecycle:lifecycle-runtime:2.7.0) with JetifyTransform
[        ] Transforming lifecycle-runtime-2.7.0.aar (androidx.lifecycle:lifecycle-runtime:2.7.0) with AarToClassTransform
[        ] Transforming lifecycle-process-2.7.0.aar (androidx.lifecycle:lifecycle-process:2.7.0) with JetifyTransform
[        ] Transforming lifecycle-process-2.7.0.aar (androidx.lifecycle:lifecycle-process:2.7.0) with AarToClassTransform
[        ] Transforming lifecycle-common-java8-2.7.0.jar (androidx.lifecycle:lifecycle-common-java8:2.7.0) with JetifyTransform
[        ] Transforming lifecycle-common-java8-2.7.0.jar (androidx.lifecycle:lifecycle-common-java8:2.7.0) with IdentityTransform
[        ] Transforming lifecycle-common-2.7.0.jar (androidx.lifecycle:lifecycle-common:2.7.0) with JetifyTransform
[        ] Transforming lifecycle-common-2.7.0.jar (androidx.lifecycle:lifecycle-common:2.7.0) with IdentityTransform
[        ] Transforming core-runtime-2.2.0.aar (androidx.arch.core:core-runtime:2.2.0) with JetifyTransform
[        ] Transforming core-runtime-2.2.0.aar (androidx.arch.core:core-runtime:2.2.0) with AarToClassTransform
[        ] Transforming core-common-2.2.0.jar (androidx.arch.core:core-common:2.2.0) with JetifyTransform
[        ] Transforming core-common-2.2.0.jar (androidx.arch.core:core-common:2.2.0) with IdentityTransform
[        ] Transforming versionedparcelable-1.1.1.aar (androidx.versionedparcelable:versionedparcelable:1.1.1) with JetifyTransform
[        ] Transforming versionedparcelable-1.1.1.aar (androidx.versionedparcelable:versionedparcelable:1.1.1) with AarToClassTransform
[        ] Transforming collection-1.1.0.jar (androidx.collection:collection:1.1.0) with JetifyTransform
[        ] Transforming collection-1.1.0.jar (androidx.collection:collection:1.1.0) with IdentityTransform
[        ] Transforming savedstate-1.2.1.aar (androidx.savedstate:savedstate:1.2.1) with JetifyTransform
[        ] Transforming savedstate-1.2.1.aar (androidx.savedstate:savedstate:1.2.1) with AarToClassTransform
[        ] Transforming window-1.2.0.aar (androidx.window:window:1.2.0) with JetifyTransform
[        ] Transforming window-1.2.0.aar (androidx.window:window:1.2.0) with AarToClassTransform
[        ] Transforming window-java-1.2.0.aar (androidx.window:window-java:1.2.0) with JetifyTransform
[        ] Transforming window-java-1.2.0.aar (androidx.window:window-java:1.2.0) with AarToClassTransform
[        ] Transforming annotation-experimental-1.4.0.aar (androidx.annotation:annotation-experimental:1.4.0) with JetifyTransform
[        ] Transforming annotation-experimental-1.4.0.aar (androidx.annotation:annotation-experimental:1.4.0) with AarToClassTransform
[        ] Transforming kotlinx-coroutines-android-1.7.1.jar (org.jetbrains.kotlinx:kotlinx-coroutines-android:1.7.1) with JetifyTransform
[        ] Transforming kotlinx-coroutines-android-1.7.1.jar (org.jetbrains.kotlinx:kotlinx-coroutines-android:1.7.1) with IdentityTransform
[        ] Transforming kotlinx-coroutines-core-jvm-1.7.1.jar (org.jetbrains.kotlinx:kotlinx-coroutines-core-jvm:1.7.1) with JetifyTransform
[        ] Transforming kotlinx-coroutines-core-jvm-1.7.1.jar (org.jetbrains.kotlinx:kotlinx-coroutines-core-jvm:1.7.1) with IdentityTransform
[        ] Transforming kotlin-stdlib-jdk8-1.8.20.jar (org.jetbrains.kotlin:kotlin-stdlib-jdk8:1.8.20) with JetifyTransform
[        ] Transforming annotation-jvm-1.9.1.jar (androidx.annotation:annotation-jvm:1.9.1) with JetifyTransform
[        ] Transforming annotation-jvm-1.9.1.jar (androidx.annotation:annotation-jvm:1.9.1) with IdentityTransform
[        ] Transforming kotlin-stdlib-jdk8-1.8.20.jar (org.jetbrains.kotlin:kotlin-stdlib-jdk8:1.8.20) with IdentityTransform
[        ] Transforming kotlin-stdlib-jdk7-1.8.20.jar (org.jetbrains.kotlin:kotlin-stdlib-jdk7:1.8.20) with JetifyTransform
[        ] Transforming kotlin-stdlib-jdk7-1.8.20.jar (org.jetbrains.kotlin:kotlin-stdlib-jdk7:1.8.20) with IdentityTransform
[        ] Transforming annotations-23.0.0.jar (org.jetbrains:annotations:23.0.0) with JetifyTransform
[        ] Transforming annotations-23.0.0.jar (org.jetbrains:annotations:23.0.0) with IdentityTransform
[        ] Transforming startup-runtime-1.1.1.aar (androidx.startup:startup-runtime:1.1.1) with JetifyTransform
[        ] Transforming startup-runtime-1.1.1.aar (androidx.startup:startup-runtime:1.1.1) with AarToClassTransform
[        ] Transforming tracing-1.2.0.aar (androidx.tracing:tracing:1.2.0) with JetifyTransform
[        ] Transforming tracing-1.2.0.aar (androidx.tracing:tracing:1.2.0) with AarToClassTransform
[        ] Transforming kotlin-stdlib-1.9.24.jar (org.jetbrains.kotlin:kotlin-stdlib:1.9.24) with JetifyTransform
[        ] Transforming kotlin-stdlib-1.9.24.jar (org.jetbrains.kotlin:kotlin-stdlib:1.9.24) with IdentityTransform
[        ] Caching disabled for task ':path_provider_android:extractReleaseAnnotations' because:
[        ]   Build cache is disabled
[        ] Skipping task ':path_provider_android:extractReleaseAnnotations' as it is up-to-date.
[        ] Resolve mutations for :path_provider_android:javaPreCompileRelease (Thread[#2412,Execution worker Thread 8,5,main]) started.
[        ] :path_provider_android:javaPreCompileRelease (Thread[#2412,Execution worker Thread 8,5,main]) started.
[        ] > Task :path_provider_android:javaPreCompileRelease UP-TO-DATE
[        ] Caching disabled for task ':path_provider_android:javaPreCompileRelease' because:
[        ]   Build cache is disabled
[        ] Skipping task ':path_provider_android:javaPreCompileRelease' as it is up-to-date.
[        ] Resolve mutations for :path_provider_android:compileReleaseJavaWithJavac (Thread[#2412,Execution worker Thread 8,5,main]) started.
[        ] :path_provider_android:compileReleaseJavaWithJavac (Thread[#2412,Execution worker Thread 8,5,main]) started.
[+1973 ms] > Task :path_provider_android:compileReleaseJavaWithJavac
[        ] Transforming core-for-system-modules.jar with JdkImageTransform
[        ] Caching disabled for JdkImageTransform: C:\Users\deshm\AppData\Local\Android\Sdk\platforms\android-34\core-for-system-modules.jar because:
[        ]   Build cache is disabled
[        ] JdkImageTransform: C:\Users\deshm\AppData\Local\Android\Sdk\platforms\android-34\core-for-system-modules.jar is not up-to-date because:
[        ]   Task has failed previously.
[        ] Starting process 'command 'C:\Program Files\Android\Android Studio\jbr\bin\jlink.exe''. Working directory: C:\Users\deshm\AppData\Local\Pub\Cache\hosted\pub.dev\path_provider_android-2.2.15\android Command: C:\Program Files\Android\Android Studio\jbr\bin\jlink.exe --version
[        ] Successfully started process 'command 'C:\Program Files\Android\Android Studio\jbr\bin\jlink.exe''
[        ] Starting process 'command 'C:\Program Files\Android\Android Studio\jbr\bin\javac.exe''. Working directory: C:\Users\deshm\AppData\Local\Pub\Cache\hosted\pub.dev\path_provider_android-2.2.15\android Command: C:\Program Files\Android\Android Studio\jbr\bin\javac.exe --system=none --patch-module=java.base=C:\Users\deshm\AppData\Local\Android\Sdk\platforms\android-34\core-for-system-modules.jar -d C:\Users\deshm\.gradle\caches\transforms-3\3da6fd6d9f9d06b627a8a32b9470b9f4\transformed\output\temp C:\Users\deshm\.gradle\caches\transforms-3\3da6fd6d9f9d06b627a8a32b9470b9f4\transformed\output\temp\module-info.java
[        ] Successfully started process 'command 'C:\Program Files\Android\Android Studio\jbr\bin\javac.exe''
[        ] Starting process 'command 'C:\Program Files\Android\Android Studio\jbr\bin\jmod.exe''. Working directory: C:\Users\deshm\AppData\Local\Pub\Cache\hosted\pub.dev\path_provider_android-2.2.15\android Command: C:\Program Files\Android\Android Studio\jbr\bin\jmod.exe create --module-version 21 --target-platform android --class-path C:\Users\deshm\.gradle\caches\transforms-3\3da6fd6d9f9d06b627a8a32b9470b9f4\transformed\output\temp\module.jar C:\Users\deshm\.gradle\caches\transforms-3\3da6fd6d9f9d06b627a8a32b9470b9f4\transformed\output\temp\jmod\java.base.jmod
[        ] Successfully started process 'command 'C:\Program Files\Android\Android Studio\jbr\bin\jmod.exe''
[        ] Starting process 'command 'C:\Program Files\Android\Android Studio\jbr\bin\jlink.exe''. Working directory: C:\Users\deshm\AppData\Local\Pub\Cache\hosted\pub.dev\path_provider_android-2.2.15\android Command: C:\Program Files\Android\Android Studio\jbr\bin\jlink.exe --module-path C:\Users\deshm\.gradle\caches\transforms-3\3da6fd6d9f9d06b627a8a32b9470b9f4\transformed\output\temp\jmod --add-modules java.base --output C:\Users\deshm\.gradle\caches\transforms-3\3da6fd6d9f9d06b627a8a32b9470b9f4\transformed\output\jdkImage --disable-plugin system-modules
[        ] Successfully started process 'command 'C:\Program Files\Android\Android Studio\jbr\bin\jlink.exe''
[ +108 ms] Error: jdk.tools.jlink.plugin.PluginException: ModuleTarget is malformed: platformString missing delimiter: android
[        ] > Task :path_provider_android:compileReleaseJavaWithJavac FAILED
flutter.bat : [        ] FAILURE: Build 
failed with an exception.
At line:1 char:68
+ ... us_flutter; & 
"C:\flutter\bin\flutter.bat" build apk 
--release -v 2>& ...
+                 ~~~~~~~~~~~~~~~~~~~~~~~~~~~~
~~~~~~~~~~~~~~~~~~~~~~~~~~~~~
    + CategoryInfo          : NotSpecified: ( 
   [        ] FAIL...h an exception.:String)  
   [], RemoteException
    + FullyQualifiedErrorId : NativeCommandEr 
   ror
 
[   +1 ms] * What went wrong:
[        ] Execution failed for task ':path_pr
ovider_android:compileReleaseJavaWithJavac'.
[        ] > Could not resolve all files for 
configuration 
':path_provider_android:androidJdkImage'.
[        ]    > Failed to transform 
core-for-system-modules.jar to match 
attributes 
{artifactType=_internal_android_jdk_image, 
org.gradle.libraryelements=jar, 
org.gradle.usage=java-runtime}.
[        ]       > Execution failed for 
JdkImageTransform: C:\Users\deshm\AppData\Loca
l\Android\Sdk\platforms\android-34\core-for-sy
stem-modules.jar.
[        ]          > Error while executing 
process C:\Program Files\Android\Android 
Studio\jbr\bin\jlink.exe with arguments 
{--module-path C:\Users\deshm\.gradle\caches\t
ransforms-3\3da6fd6d9f9d06b627a8a32b9470b9f4\t
ransformed\output\temp\jmod --add-modules 
java.base --output C:\Users\deshm\.gradle\cach
es\transforms-3\3da6fd6d9f9d06b627a8a32b9470b9
f4\transformed\output\jdkImage 
--disable-plugin system-modules}
[        ] * Try:
[        ] > Run with --debug option to get 
more log output.
[        ] > Run with --scan to get full 
insights.
[        ] > Get more help at 
https://help.gradle.org.
[        ] * Exception is:
[        ] 
org.gradle.api.tasks.TaskExecutionException: 
Execution failed for task ':path_provider_andr
oid:compileReleaseJavaWithJavac'.
[        ] 	at org.gradle.api.internal.tasks.e
xecution.CatchExceptionTaskExecuter.execute(Ca
tchExceptionTaskExecuter.java:38)
[        ] 	at org.gradle.api.internal.tasks.e
xecution.EventFiringTaskExecuter$1.executeTask
(EventFiringTaskExecuter.java:77)
[        ] 	at org.gradle.api.internal.tasks.e
xecution.EventFiringTaskExecuter$1.call(EventF
iringTaskExecuter.java:55)
[        ] 	at org.gradle.api.internal.tasks.e
xecution.EventFiringTaskExecuter$1.call(EventF
iringTaskExecuter.java:52)
[        ] 	at org.gradle.internal.operations.
DefaultBuildOperationRunner$CallableBuildOpera
tionWorker.execute(DefaultBuildOperationRunner
.java:204)
[        ] 	at org.gradle.internal.operations.
DefaultBuildOperationRunner$CallableBuildOpera
tionWorker.execute(DefaultBuildOperationRunner
.java:199)
[        ] 	at org.gradle.internal.operations.
DefaultBuildOperationRunner$2.execute(DefaultB
uildOperationRunner.java:66)
[        ] 	at org.gradle.internal.operations.
DefaultBuildOperationRunner$2.execute(DefaultB
uildOperationRunner.java:59)
[        ] 	at org.gradle.internal.operations.
DefaultBuildOperationRunner.execute(DefaultBui
ldOperationRunner.java:157)
[        ] 	at org.gradle.internal.operations.
DefaultBuildOperationRunner.execute(DefaultBui
ldOperationRunner.java:59)
[        ] 	at org.gradle.internal.operations.
DefaultBuildOperationRunner.call(DefaultBuildO
perationRunner.java:53)
[        ] 	at org.gradle.internal.operations.
DefaultBuildOperationExecutor.call(DefaultBuil
dOperationExecutor.java:73)
[        ] 	at org.gradle.api.internal.tasks.e
xecution.EventFiringTaskExecuter.execute(Event
FiringTaskExecuter.java:52)
[        ] 	at org.gradle.execution.plan.Local
TaskNodeExecutor.execute(LocalTaskNodeExecutor
.java:42)
[        ] 	at org.gradle.execution.taskgraph.
DefaultTaskExecutionGraph$InvokeNodeExecutorsA
ction.execute(DefaultTaskExecutionGraph.java:3
31)
[        ] 	at org.gradle.execution.taskgraph.
DefaultTaskExecutionGraph$InvokeNodeExecutorsA
ction.execute(DefaultTaskExecutionGraph.java:3
18)
[        ] 	at org.gradle.execution.taskgraph.
DefaultTaskExecutionGraph$BuildOperationAwareE
xecutionAction.lambda$execute$0(DefaultTaskExe
cutionGraph.java:314)
[        ] 	at org.gradle.internal.operations.
CurrentBuildOperationRef.with(CurrentBuildOper
ationRef.java:80)
[        ] 	at org.gradle.execution.taskgraph.
DefaultTaskExecutionGraph$BuildOperationAwareE
xecutionAction.execute(DefaultTaskExecutionGra
ph.java:314)
[        ] 	at org.gradle.execution.taskgraph.
DefaultTaskExecutionGraph$BuildOperationAwareE
xecutionAction.execute(DefaultTaskExecutionGra
ph.java:303)
[        ] 	at org.gradle.execution.plan.Defau
ltPlanExecutor$ExecutorWorker.execute(DefaultP
lanExecutor.java:463)
[        ] 	at org.gradle.execution.plan.Defau
ltPlanExecutor$ExecutorWorker.run(DefaultPlanE
xecutor.java:380)
[        ] 	at org.gradle.internal.concurrent.
ExecutorPolicy$CatchAndRecordFailures.onExecut
e(ExecutorPolicy.java:64)
[        ] 	at org.gradle.internal.concurrent.
AbstractManagedExecutor$1.run(AbstractManagedE
xecutor.java:47)
[        ] 	at java.base/java.util.concurrent.
ThreadPoolExecutor.runWorker(Unknown Source)
[        ] 	at java.base/java.util.concurrent.
ThreadPoolExecutor$Worker.run(Unknown Source)
[        ] 	at 
java.base/java.lang.Thread.run(Unknown Source)
[        ] Caused by: org.gradle.api.internal.
artifacts.ivyservice.DefaultLenientConfigurati
on$ArtifactResolveException: Could not 
resolve all files for configuration 
':path_provider_android:androidJdkImage'.
[        ] 	at org.gradle.api.internal.artifac
ts.configurations.DefaultConfiguration.mapFail
ure(DefaultConfiguration.java:1717)
[        ] 	at org.gradle.api.internal.artifac
ts.configurations.DefaultConfiguration.access$
3500(DefaultConfiguration.java:173)
[        ] 	at org.gradle.api.internal.artifac
ts.configurations.DefaultConfiguration$Default
ResolutionHost.mapFailure(DefaultConfiguration
.java:2450)
[        ] 	at org.gradle.api.internal.artifac
ts.configurations.ResolutionHost.rethrowFailur
e(ResolutionHost.java:30)
[        ] 	at org.gradle.api.internal.artifac
ts.configurations.ResolutionBackedFileCollecti
on.visitContents(ResolutionBackedFileCollectio
n.java:74)
[        ] 	at org.gradle.api.internal.file.Ab
stractFileCollection.getFiles(AbstractFileColl
ection.java:130)
[        ] 	at org.gradle.api.internal.file.Ab
stractFileCollection$FileCollectionElementsFac
tory.create(AbstractFileCollection.java:231)
[        ] 	at org.gradle.api.internal.file.Ab
stractFileCollection$FileCollectionElementsFac
tory.create(AbstractFileCollection.java:219)
[        ] 	at org.gradle.api.internal.provide
r.BuildableBackedProvider.calculateOwnValue(Bu
ildableBackedProvider.java:81)
[        ] 	at org.gradle.api.internal.provide
r.AbstractMinimalProvider.calculateValue(Abstr
actMinimalProvider.java:108)
[        ] 	at org.gradle.api.internal.provide
r.TransformBackedProvider.calculateOwnValue(Tr
ansformBackedProvider.java:82)
[        ] 	at org.gradle.api.internal.provide
r.AbstractMinimalProvider.getOrNull(AbstractMi
nimalProvider.java:98)
[        ] 	at org.gradle.api.internal.provide
r.ProviderResolutionStrategy$1.resolve(Provide
rResolutionStrategy.java:27)
[        ] 	at org.gradle.api.internal.file.co
llections.ProviderBackedFileCollection.visitCh
ildren(ProviderBackedFileCollection.java:64)
[        ] 	at org.gradle.api.internal.file.Co
mpositeFileCollection.visitContents(CompositeF
ileCollection.java:133)
[        ] 	at org.gradle.api.internal.file.Ab
stractFileCollection.visitStructure(AbstractFi
leCollection.java:366)
[        ] 	at org.gradle.api.internal.file.Co
mpositeFileCollection.lambda$visitContents$0(C
ompositeFileCollection.java:133)
[        ] 	at org.gradle.api.internal.file.co
llections.UnpackingVisitor.add(UnpackingVisito
r.java:77)
[        ] 	at org.gradle.api.internal.file.co
llections.UnpackingVisitor.add(UnpackingVisito
r.java:92)
[        ] 	at org.gradle.api.internal.file.De
faultFileCollectionFactory$ResolvingFileCollec
tion.visitChildren(DefaultFileCollectionFactor
y.java:285)
[        ] 	at org.gradle.api.internal.file.Co
mpositeFileCollection.visitContents(CompositeF
ileCollection.java:133)
[        ] 	at org.gradle.api.internal.file.Ab
stractFileCollection.visitStructure(AbstractFi
leCollection.java:366)
[        ] 	at org.gradle.api.internal.file.Co
mpositeFileCollection.lambda$visitContents$0(C
ompositeFileCollection.java:133)
[        ] 	at org.gradle.api.internal.tasks.P
ropertyFileCollection.visitChildren(PropertyFi
leCollection.java:48)
[        ] 	at org.gradle.api.internal.file.Co
mpositeFileCollection.visitContents(CompositeF
ileCollection.java:133)
[        ] 	at org.gradle.api.internal.file.Ab
stractFileCollection.visitStructure(AbstractFi
leCollection.java:366)
[        ] 	at org.gradle.internal.fingerprint
.impl.DefaultFileCollectionSnapshotter.snapsho
t(DefaultFileCollectionSnapshotter.java:47)
[        ] 	at org.gradle.internal.execution.i
mpl.DefaultInputFingerprinter$InputCollectingV
isitor.visitInputFileProperty(DefaultInputFing
erprinter.java:133)
[        ] 	at org.gradle.api.internal.tasks.e
xecution.TaskExecution.visitRegularInputs(Task
Execution.java:328)
[        ] 	at org.gradle.internal.execution.i
mpl.DefaultInputFingerprinter.fingerprintInput
Properties(DefaultInputFingerprinter.java:63)
[        ] 	at org.gradle.internal.execution.s
teps.CaptureStateBeforeExecutionStep.captureEx
ecutionStateWithOutputs(CaptureStateBeforeExec
utionStep.java:123)
[        ] 	at org.gradle.internal.execution.s
teps.CaptureStateBeforeExecutionStep.lambda$ca
ptureExecutionState$1(CaptureStateBeforeExecut
ionStep.java:82)
[        ] 	at org.gradle.internal.execution.s
teps.BuildOperationStep$1.call(BuildOperationS
tep.java:37)
[        ] 	at org.gradle.internal.operations.
DefaultBuildOperationRunner$CallableBuildOpera
tionWorker.execute(DefaultBuildOperationRunner
.java:204)
[        ] 	at org.gradle.internal.operations.
DefaultBuildOperationRunner$CallableBuildOpera
tionWorker.execute(DefaultBuildOperationRunner
.java:199)
[        ] 	at org.gradle.internal.operations.
DefaultBuildOperationRunner$2.execute(DefaultB
uildOperationRunner.java:66)
[        ] 	at org.gradle.internal.operations.
DefaultBuildOperationRunner$2.execute(DefaultB
uildOperationRunner.java:59)
[        ] 	at org.gradle.internal.operations.
DefaultBuildOperationRunner.execute(DefaultBui
ldOperationRunner.java:157)
[        ] 	at org.gradle.internal.operations.
DefaultBuildOperationRunner.execute(DefaultBui
ldOperationRunner.java:59)
[        ] 	at org.gradle.internal.operations.
DefaultBuildOperationRunner.call(DefaultBuildO
perationRunner.java:53)
[        ] 	at org.gradle.internal.operations.
DefaultBuildOperationExecutor.call(DefaultBuil
dOperationExecutor.java:73)
[        ] 	at org.gradle.internal.execution.s
teps.BuildOperationStep.operation(BuildOperati
onStep.java:34)
[        ] 	at org.gradle.internal.execution.s
teps.CaptureStateBeforeExecutionStep.captureEx
ecutionState(CaptureStateBeforeExecutionStep.j
ava:76)
[        ] 	at org.gradle.internal.execution.s
teps.CaptureStateBeforeExecutionStep.lambda$ex
ecute$0(CaptureStateBeforeExecutionStep.java:7
0)
[        ] 	at 
java.base/java.util.Optional.map(Unknown 
Source)
[        ] 	at org.gradle.internal.execution.s
teps.CaptureStateBeforeExecutionStep.execute(C
aptureStateBeforeExecutionStep.java:70)
[        ] 	at org.gradle.internal.execution.s
teps.CaptureStateBeforeExecutionStep.execute(C
aptureStateBeforeExecutionStep.java:45)
[        ] 	at org.gradle.internal.execution.s
teps.SkipEmptyWorkStep.executeWithNonEmptySour
ces(SkipEmptyWorkStep.java:177)
[        ] 	at org.gradle.internal.execution.s
teps.SkipEmptyWorkStep.execute(SkipEmptyWorkSt
ep.java:86)
[        ] 	at org.gradle.internal.execution.s
teps.SkipEmptyWorkStep.execute(SkipEmptyWorkSt
ep.java:53)
[        ] 	at org.gradle.internal.execution.s
teps.RemoveUntrackedExecutionStateStep.execute
(RemoveUntrackedExecutionStateStep.java:32)
[        ] 	at org.gradle.internal.execution.s
teps.RemoveUntrackedExecutionStateStep.execute
(RemoveUntrackedExecutionStateStep.java:21)
[        ] 	at org.gradle.internal.execution.s
teps.legacy.MarkSnapshottingInputsStartedStep.
execute(MarkSnapshottingInputsStartedStep.java
:38)
[        ] 	at org.gradle.internal.execution.s
teps.LoadPreviousExecutionStateStep.execute(Lo
adPreviousExecutionStateStep.java:36)
[        ] 	at org.gradle.internal.execution.s
teps.LoadPreviousExecutionStateStep.execute(Lo
adPreviousExecutionStateStep.java:23)
[        ] 	at org.gradle.internal.execution.s
teps.CleanupStaleOutputsStep.execute(CleanupSt
aleOutputsStep.java:75)
[        ] 	at org.gradle.internal.execution.s
teps.CleanupStaleOutputsStep.execute(CleanupSt
aleOutputsStep.java:41)
[        ] 	at org.gradle.internal.execution.s
teps.ExecuteWorkBuildOperationFiringStep.lambd
a$execute$2(ExecuteWorkBuildOperationFiringSte
p.java:66)
[        ] 	at java.base/java.util.Optional.or
ElseGet(Unknown Source)
[        ] 	at org.gradle.internal.execution.s
teps.ExecuteWorkBuildOperationFiringStep.execu
te(ExecuteWorkBuildOperationFiringStep.java:66
)
[        ] 	at org.gradle.internal.execution.s
teps.ExecuteWorkBuildOperationFiringStep.execu
te(ExecuteWorkBuildOperationFiringStep.java:38
)
[        ] 	at org.gradle.internal.execution.s
teps.AssignWorkspaceStep.lambda$execute$0(Assi
gnWorkspaceStep.java:32)
[        ] 	at org.gradle.api.internal.tasks.e
xecution.TaskExecution$4.withWorkspace(TaskExe
cution.java:293)
[        ] 	at org.gradle.internal.execution.s
teps.AssignWorkspaceStep.execute(AssignWorkspa
ceStep.java:30)
[        ] 	at org.gradle.internal.execution.s
teps.AssignWorkspaceStep.execute(AssignWorkspa
ceStep.java:21)
[        ] 	at org.gradle.internal.execution.s
teps.IdentityCacheStep.execute(IdentityCacheSt
ep.java:37)
[        ] 	at org.gradle.internal.execution.s
teps.IdentityCacheStep.execute(IdentityCacheSt
ep.java:27)
[        ] 	at org.gradle.internal.execution.s
teps.IdentifyStep.execute(IdentifyStep.java:47
)
[        ] 	at org.gradle.internal.execution.s
teps.IdentifyStep.execute(IdentifyStep.java:34
)
[        ] 	at org.gradle.internal.execution.i
mpl.DefaultExecutionEngine$1.execute(DefaultEx
ecutionEngine.java:64)
[        ] 	at org.gradle.api.internal.tasks.e
xecution.ExecuteActionsTaskExecuter.executeIfV
alid(ExecuteActionsTaskExecuter.java:146)
[        ] 	at org.gradle.api.internal.tasks.e
xecution.ExecuteActionsTaskExecuter.execute(Ex
ecuteActionsTaskExecuter.java:135)
[        ] 	at org.gradle.api.internal.tasks.e
xecution.FinalizePropertiesTaskExecuter.execut
e(FinalizePropertiesTaskExecuter.java:46)
[        ] 	at org.gradle.api.internal.tasks.e
xecution.ResolveTaskExecutionModeExecuter.exec
ute(ResolveTaskExecutionModeExecuter.java:51)
[        ] 	at org.gradle.api.internal.tasks.e
xecution.SkipTaskWithNoActionsExecuter.execute
(SkipTaskWithNoActionsExecuter.java:57)
[        ] 	at org.gradle.api.internal.tasks.e
xecution.SkipOnlyIfTaskExecuter.execute(SkipOn
lyIfTaskExecuter.java:74)
[        ] 	at org.gradle.api.internal.tasks.e
xecution.CatchExceptionTaskExecuter.execute(Ca
tchExceptionTaskExecuter.java:36)
[        ] 	at org.gradle.api.internal.tasks.e
xecution.EventFiringTaskExecuter$1.executeTask
(EventFiringTaskExecuter.java:77)
[        ] 	at org.gradle.api.internal.tasks.e
xecution.EventFiringTaskExecuter$1.call(EventF
iringTaskExecuter.java:55)
[        ] 	at org.gradle.api.internal.tasks.e
xecution.EventFiringTaskExecuter$1.call(EventF
iringTaskExecuter.java:52)
[        ] 	at org.gradle.internal.operations.
DefaultBuildOperationRunner$CallableBuildOpera
tionWorker.execute(DefaultBuildOperationRunner
.java:204)
[        ] 	at org.gradle.internal.operations.
DefaultBuildOperationRunner$CallableBuildOpera
tionWorker.execute(DefaultBuildOperationRunner
.java:199)
[        ] 	at org.gradle.internal.operations.
DefaultBuildOperationRunner$2.execute(DefaultB
uildOperationRunner.java:66)
[        ] 	at org.gradle.internal.operations.
DefaultBuildOperationRunner$2.execute(DefaultB
uildOperationRunner.java:59)
[        ] 	at org.gradle.internal.operations.
DefaultBuildOperationRunner.execute(DefaultBui
ldOperationRunner.java:157)
[        ] 	at org.gradle.internal.operations.
DefaultBuildOperationRunner.execute(DefaultBui
ldOperationRunner.java:59)
[        ] 	at org.gradle.internal.operations.
DefaultBuildOperationRunner.call(DefaultBuildO
perationRunner.java:53)
[        ] 	at org.gradle.internal.operations.
DefaultBuildOperationExecutor.call(DefaultBuil
dOperationExecutor.java:73)
[        ] 	at org.gradle.api.internal.tasks.e
xecution.EventFiringTaskExecuter.execute(Event
FiringTaskExecuter.java:52)
[        ] 	at org.gradle.execution.plan.Local
TaskNodeExecutor.execute(LocalTaskNodeExecutor
.java:42)
[        ] 	at org.gradle.execution.taskgraph.
DefaultTaskExecutionGraph$InvokeNodeExecutorsA
ction.execute(DefaultTaskExecutionGraph.java:3
31)
[        ] 	at org.gradle.execution.taskgraph.
DefaultTaskExecutionGraph$InvokeNodeExecutorsA
ction.execute(DefaultTaskExecutionGraph.java:3
18)
[        ] 	at org.gradle.execution.taskgraph.
DefaultTaskExecutionGraph$BuildOperationAwareE
xecutionAction.lambda$execute$0(DefaultTaskExe
cutionGraph.java:314)
[        ] 	at org.gradle.internal.operations.
CurrentBuildOperationRef.with(CurrentBuildOper
ationRef.java:80)
[        ] 	at org.gradle.execution.taskgraph.
DefaultTaskExecutionGraph$BuildOperationAwareE
xecutionAction.execute(DefaultTaskExecutionGra
ph.java:314)
[        ] 	at org.gradle.execution.taskgraph.
DefaultTaskExecutionGraph$BuildOperationAwareE
xecutionAction.execute(DefaultTaskExecutionGra
ph.java:303)
[        ] 	at org.gradle.execution.plan.Defau
ltPlanExecutor$ExecutorWorker.execute(DefaultP
lanExecutor.java:463)
[        ] 	at org.gradle.execution.plan.Defau
ltPlanExecutor$ExecutorWorker.run(DefaultPlanE
xecutor.java:380)
[        ] 	at org.gradle.internal.concurrent.
ExecutorPolicy$CatchAndRecordFailures.onExecut
e(ExecutorPolicy.java:64)
[        ] 	at org.gradle.internal.concurrent.
AbstractManagedExecutor$1.run(AbstractManagedE
xecutor.java:47)
[        ] 	at java.base/java.util.concurrent.
ThreadPoolExecutor.runWorker(Unknown Source)
[        ] 	at java.base/java.util.concurrent.
ThreadPoolExecutor$Worker.run(Unknown Source)
[        ] 	at 
java.base/java.lang.Thread.run(Unknown Source)
[        ] Caused by: org.gradle.api.internal.
artifacts.transform.TransformException: 
Failed to transform 
core-for-system-modules.jar to match 
attributes 
{artifactType=_internal_android_jdk_image, 
org.gradle.libraryelements=jar, 
org.gradle.usage=java-runtime}.
[        ] 	at org.gradle.api.internal.artifac
ts.transform.TransformingAsyncArtifactListener
$TransformedArtifact.lambda$visit$4(Transformi
ngAsyncArtifactListener.java:243)
[        ] 	at org.gradle.internal.Try$Failure
.ifSuccessfulOrElse(Try.java:282)
[        ] 	at org.gradle.api.internal.artifac
ts.transform.TransformingAsyncArtifactListener
$TransformedArtifact.visit(TransformingAsyncAr
tifactListener.java:235)
[        ] 	at org.gradle.api.internal.artifac
ts.ivyservice.resolveengine.artifact.ParallelR
esolveArtifactSet$VisitingSet$StartVisitAction
.visitResults(ParallelResolveArtifactSet.java:
100)
[        ] 	at org.gradle.api.internal.artifac
ts.ivyservice.resolveengine.artifact.ParallelR
esolveArtifactSet$VisitingSet.visit(ParallelRe
solveArtifactSet.java:69)
[        ] 	at org.gradle.api.internal.artifac
ts.ivyservice.DefaultLenientConfiguration.visi
tArtifacts(DefaultLenientConfiguration.java:30
5)
[        ] 	at org.gradle.api.internal.artifac
ts.ivyservice.DefaultLenientConfiguration.acce
ss$600(DefaultLenientConfiguration.java:75)
[        ] 	at org.gradle.api.internal.artifac
ts.ivyservice.DefaultLenientConfiguration$3.ru
n(DefaultLenientConfiguration.java:252)
[        ] 	at org.gradle.internal.operations.
DefaultBuildOperationRunner$1.execute(DefaultB
uildOperationRunner.java:29)
[        ] 	at org.gradle.internal.operations.
DefaultBuildOperationRunner$1.execute(DefaultB
uildOperationRunner.java:26)
[        ] 	at org.gradle.internal.operations.
DefaultBuildOperationRunner$2.execute(DefaultB
uildOperationRunner.java:66)
[        ] 	at org.gradle.internal.operations.
DefaultBuildOperationRunner$2.execute(DefaultB
uildOperationRunner.java:59)
[        ] 	at org.gradle.internal.operations.
DefaultBuildOperationRunner.execute(DefaultBui
ldOperationRunner.java:157)
[        ] 	at org.gradle.internal.operations.
DefaultBuildOperationRunner.execute(DefaultBui
ldOperationRunner.java:59)
[        ] 	at org.gradle.internal.operations.
DefaultBuildOperationRunner.run(DefaultBuildOp
erationRunner.java:47)
[        ] 	at org.gradle.internal.operations.
DefaultBuildOperationExecutor.run(DefaultBuild
OperationExecutor.java:68)
[        ] 	at org.gradle.api.internal.artifac
ts.ivyservice.DefaultLenientConfiguration.visi
tArtifactsWithBuildOperation(DefaultLenientCon
figuration.java:249)
[  +40 ms] 	at org.gradle.api.internal.artifac
ts.ivyservice.DefaultLenientConfiguration.acce
ss$300(DefaultLenientConfiguration.java:75)
[        ] 	at org.gradle.api.internal.artifac
ts.ivyservice.DefaultLenientConfiguration$2.la
mbda$visitArtifacts$0(DefaultLenientConfigurat
ion.java:152)
[        ] 	at org.gradle.internal.work.Defaul
tWorkerLeaseService.runAsUnmanagedWorkerThread
(DefaultWorkerLeaseService.java:140)
[        ] 	at org.gradle.api.internal.artifac
ts.ivyservice.DefaultLenientConfiguration$2.vi
sitArtifacts(DefaultLenientConfiguration.java:
152)
[        ] 	at org.gradle.api.internal.artifac
ts.ivyservice.resolveengine.artifact.SelectedA
rtifactSet.visitFiles(SelectedArtifactSet.java
:34)
[        ] 	at org.gradle.api.internal.artifac
ts.configurations.ResolutionBackedFileCollecti
on.visitContents(ResolutionBackedFileCollectio
n.java:72)
[        ] 	at org.gradle.api.internal.file.Ab
stractFileCollection.getFiles(AbstractFileColl
ection.java:130)
[        ] 	at org.gradle.api.internal.file.Ab
stractFileCollection$FileCollectionElementsFac
tory.create(AbstractFileCollection.java:231)
[        ] 	at org.gradle.api.internal.file.Ab
stractFileCollection$FileCollectionElementsFac
tory.create(AbstractFileCollection.java:219)
[        ] 	at org.gradle.api.internal.provide
r.BuildableBackedProvider.calculateOwnValue(Bu
ildableBackedProvider.java:81)
[        ] 	at org.gradle.api.internal.provide
r.AbstractMinimalProvider.calculateValue(Abstr
actMinimalProvider.java:108)
[        ] 	at org.gradle.api.internal.provide
r.TransformBackedProvider.calculateOwnValue(Tr
ansformBackedProvider.java:82)
[        ] 	at org.gradle.api.internal.provide
r.AbstractMinimalProvider.getOrNull(AbstractMi
nimalProvider.java:98)
[        ] 	at org.gradle.api.internal.provide
r.ProviderResolutionStrategy$1.resolve(Provide
rResolutionStrategy.java:27)
[        ] 	at org.gradle.api.internal.file.co
llections.ProviderBackedFileCollection.visitCh
ildren(ProviderBackedFileCollection.java:64)
[        ] 	at org.gradle.api.internal.file.Co
mpositeFileCollection.visitContents(CompositeF
ileCollection.java:133)
[        ] 	at org.gradle.api.internal.file.Ab
stractFileCollection.visitStructure(AbstractFi
leCollection.java:366)
[        ] 	at org.gradle.api.internal.file.Co
mpositeFileCollection.lambda$visitContents$0(C
ompositeFileCollection.java:133)
[        ] 	at org.gradle.api.internal.file.co
llections.UnpackingVisitor.add(UnpackingVisito
r.java:77)
[        ] 	at org.gradle.api.internal.file.co
llections.UnpackingVisitor.add(UnpackingVisito
r.java:92)
[        ] 	at org.gradle.api.internal.file.De
faultFileCollectionFactory$ResolvingFileCollec
tion.visitChildren(DefaultFileCollectionFactor
y.java:285)
[        ] 	at org.gradle.api.internal.file.Co
mpositeFileCollection.visitContents(CompositeF
ileCollection.java:133)
[        ] 	at org.gradle.api.internal.file.Ab
stractFileCollection.visitStructure(AbstractFi
leCollection.java:366)
[        ] 	at org.gradle.api.internal.file.Co
mpositeFileCollection.lambda$visitContents$0(C
ompositeFileCollection.java:133)
[        ] 	at org.gradle.api.internal.tasks.P
ropertyFileCollection.visitChildren(PropertyFi
leCollection.java:48)
[        ] 	at org.gradle.api.internal.file.Co
mpositeFileCollection.visitContents(CompositeF
ileCollection.java:133)
[        ] 	at org.gradle.api.internal.file.Ab
stractFileCollection.visitStructure(AbstractFi
leCollection.java:366)
[        ] 	at org.gradle.internal.fingerprint
.impl.DefaultFileCollectionSnapshotter.snapsho
t(DefaultFileCollectionSnapshotter.java:47)
[        ] 	at org.gradle.internal.execution.i
mpl.DefaultInputFingerprinter$InputCollectingV
isitor.visitInputFileProperty(DefaultInputFing
erprinter.java:133)
[        ] 	at org.gradle.api.internal.tasks.e
xecution.TaskExecution.visitRegularInputs(Task
Execution.java:328)
[        ] 	at org.gradle.internal.execution.i
mpl.DefaultInputFingerprinter.fingerprintInput
Properties(DefaultInputFingerprinter.java:63)
[        ] 	at org.gradle.internal.execution.s
teps.CaptureStateBeforeExecutionStep.captureEx
ecutionStateWithOutputs(CaptureStateBeforeExec
utionStep.java:123)
[  +60 ms] 	at org.gradle.internal.execution.s
teps.CaptureStateBeforeExecutionStep.lambda$ca
ptureExecutionState$1(CaptureStateBeforeExecut
ionStep.java:82)
[        ] 	at org.gradle.internal.execution.s
teps.BuildOperationStep$1.call(BuildOperationS
tep.java:37)
[        ] 	at org.gradle.internal.operations.
DefaultBuildOperationRunner$CallableBuildOpera
tionWorker.execute(DefaultBuildOperationRunner
.java:204)
[        ] 	at org.gradle.internal.operations.
DefaultBuildOperationRunner$CallableBuildOpera
tionWorker.execute(DefaultBuildOperationRunner
.java:199)
[        ] 	at org.gradle.internal.operations.
DefaultBuildOperationRunner$2.execute(DefaultB
uildOperationRunner.java:66)
[        ] 	at org.gradle.internal.operations.
DefaultBuildOperationRunner$2.execute(DefaultB
uildOperationRunner.java:59)
[        ] 	at org.gradle.internal.operations.
DefaultBuildOperationRunner.execute(DefaultBui
ldOperationRunner.java:157)
[        ] 	at org.gradle.internal.operations.
DefaultBuildOperationRunner.execute(DefaultBui
ldOperationRunner.java:59)
[        ] 	at org.gradle.internal.operations.
DefaultBuildOperationRunner.call(DefaultBuildO
perationRunner.java:53)
[        ] 	at org.gradle.internal.operations.
DefaultBuildOperationExecutor.call(DefaultBuil
dOperationExecutor.java:73)
[        ] 	at org.gradle.internal.execution.s
teps.BuildOperationStep.operation(BuildOperati
onStep.java:34)
[        ] 	at org.gradle.internal.execution.s
teps.CaptureStateBeforeExecutionStep.captureEx
ecutionState(CaptureStateBeforeExecutionStep.j
ava:76)
[        ] 	at org.gradle.internal.execution.s
teps.CaptureStateBeforeExecutionStep.lambda$ex
ecute$0(CaptureStateBeforeExecutionStep.java:7
0)
[        ] 	at 
java.base/java.util.Optional.map(Unknown 
Source)
[        ] 	at org.gradle.internal.execution.s
teps.CaptureStateBeforeExecutionStep.execute(C
aptureStateBeforeExecutionStep.java:70)
[        ] 	at org.gradle.internal.execution.s
teps.CaptureStateBeforeExecutionStep.execute(C
aptureStateBeforeExecutionStep.java:45)
[        ] 	at org.gradle.internal.execution.s
teps.SkipEmptyWorkStep.executeWithNonEmptySour
ces(SkipEmptyWorkStep.java:177)
[        ] 	at org.gradle.internal.execution.s
teps.SkipEmptyWorkStep.execute(SkipEmptyWorkSt
ep.java:86)
[        ] 	at org.gradle.internal.execution.s
teps.SkipEmptyWorkStep.execute(SkipEmptyWorkSt
ep.java:53)
[        ] 	at org.gradle.internal.execution.s
teps.RemoveUntrackedExecutionStateStep.execute
(RemoveUntrackedExecutionStateStep.java:32)
[        ] 	at org.gradle.internal.execution.s
teps.RemoveUntrackedExecutionStateStep.execute
(RemoveUntrackedExecutionStateStep.java:21)
[        ] 	at org.gradle.internal.execution.s
teps.legacy.MarkSnapshottingInputsStartedStep.
execute(MarkSnapshottingInputsStartedStep.java
:38)
[        ] 	at org.gradle.internal.execution.s
teps.LoadPreviousExecutionStateStep.execute(Lo
adPreviousExecutionStateStep.java:36)
[        ] 	at org.gradle.internal.execution.s
teps.LoadPreviousExecutionStateStep.execute(Lo
adPreviousExecutionStateStep.java:23)
[        ] 	at org.gradle.internal.execution.s
teps.CleanupStaleOutputsStep.execute(CleanupSt
aleOutputsStep.java:75)
[        ] 	at org.gradle.internal.execution.s
teps.CleanupStaleOutputsStep.execute(CleanupSt
aleOutputsStep.java:41)
[        ] 	at org.gradle.internal.execution.s
teps.ExecuteWorkBuildOperationFiringStep.lambd
a$execute$2(ExecuteWorkBuildOperationFiringSte
p.java:66)
[        ] 	at java.base/java.util.Optional.or
ElseGet(Unknown Source)
[        ] 	at org.gradle.internal.execution.s
teps.ExecuteWorkBuildOperationFiringStep.execu
te(ExecuteWorkBuildOperationFiringStep.java:66
)
[        ] 	at org.gradle.internal.execution.s
teps.ExecuteWorkBuildOperationFiringStep.execu
te(ExecuteWorkBuildOperationFiringStep.java:38
)
[        ] 	at org.gradle.internal.execution.s
teps.AssignWorkspaceStep.lambda$execute$0(Assi
gnWorkspaceStep.java:32)
[        ] 	at org.gradle.api.internal.tasks.e
xecution.TaskExecution$4.withWorkspace(TaskExe
cution.java:293)
[        ] 	at org.gradle.internal.execution.s
teps.AssignWorkspaceStep.execute(AssignWorkspa
ceStep.java:30)
[        ] 	at org.gradle.internal.execution.s
teps.AssignWorkspaceStep.execute(AssignWorkspa
ceStep.java:21)
[        ] 	at org.gradle.internal.execution.s
teps.IdentityCacheStep.execute(IdentityCacheSt
ep.java:37)
[        ] 	at org.gradle.internal.execution.s
teps.IdentityCacheStep.execute(IdentityCacheSt
ep.java:27)
[        ] 	at org.gradle.internal.execution.s
teps.IdentifyStep.execute(IdentifyStep.java:47
)
[        ] 	at org.gradle.internal.execution.s
teps.IdentifyStep.execute(IdentifyStep.java:34
)
[        ] 	at org.gradle.internal.execution.i
mpl.DefaultExecutionEngine$1.execute(DefaultEx
ecutionEngine.java:64)
[        ] 	at org.gradle.api.internal.tasks.e
xecution.ExecuteActionsTaskExecuter.executeIfV
alid(ExecuteActionsTaskExecuter.java:146)
[        ] 	at org.gradle.api.internal.tasks.e
xecution.ExecuteActionsTaskExecuter.execute(Ex
ecuteActionsTaskExecuter.java:135)
[        ] 	at org.gradle.api.internal.tasks.e
xecution.FinalizePropertiesTaskExecuter.execut
e(FinalizePropertiesTaskExecuter.java:46)
[        ] 	at org.gradle.api.internal.tasks.e
xecution.ResolveTaskExecutionModeExecuter.exec
ute(ResolveTaskExecutionModeExecuter.java:51)
[        ] 	at org.gradle.api.internal.tasks.e
xecution.SkipTaskWithNoActionsExecuter.execute
(SkipTaskWithNoActionsExecuter.java:57)
[        ] 	at org.gradle.api.internal.tasks.e
xecution.SkipOnlyIfTaskExecuter.execute(SkipOn
lyIfTaskExecuter.java:74)
[        ] 	at org.gradle.api.internal.tasks.e
xecution.CatchExceptionTaskExecuter.execute(Ca
tchExceptionTaskExecuter.java:36)
[        ] 	at org.gradle.api.internal.tasks.e
xecution.EventFiringTaskExecuter$1.executeTask
(EventFiringTaskExecuter.java:77)
[        ] 	at org.gradle.api.internal.tasks.e
xecution.EventFiringTaskExecuter$1.call(EventF
iringTaskExecuter.java:55)
[        ] 	at org.gradle.api.internal.tasks.e
xecution.EventFiringTaskExecuter$1.call(EventF
iringTaskExecuter.java:52)
[        ] 	at org.gradle.internal.operations.
DefaultBuildOperationRunner$CallableBuildOpera
tionWorker.execute(DefaultBuildOperationRunner
.java:204)
[        ] 	at org.gradle.internal.operations.
DefaultBuildOperationRunner$CallableBuildOpera
tionWorker.execute(DefaultBuildOperationRunner
.java:199)
[        ] 	at org.gradle.internal.operations.
DefaultBuildOperationRunner$2.execute(DefaultB
uildOperationRunner.java:66)
[        ] 	at org.gradle.internal.operations.
DefaultBuildOperationRunner$2.execute(DefaultB
uildOperationRunner.java:59)
[        ] 	at org.gradle.internal.operations.
DefaultBuildOperationRunner.execute(DefaultBui
ldOperationRunner.java:157)
[        ] 	at org.gradle.internal.operations.
DefaultBuildOperationRunner.execute(DefaultBui
ldOperationRunner.java:59)
[        ] 	at org.gradle.internal.operations.
DefaultBuildOperationRunner.call(DefaultBuildO
perationRunner.java:53)
[        ] 	at org.gradle.internal.operations.
DefaultBuildOperationExecutor.call(DefaultBuil
dOperationExecutor.java:73)
[        ] 	at org.gradle.api.internal.tasks.e
xecution.EventFiringTaskExecuter.execute(Event
FiringTaskExecuter.java:52)
[        ] 	at org.gradle.execution.plan.Local
TaskNodeExecutor.execute(LocalTaskNodeExecutor
.java:42)
[        ] 	at org.gradle.execution.taskgraph.
DefaultTaskExecutionGraph$InvokeNodeExecutorsA
ction.execute(DefaultTaskExecutionGraph.java:3
31)
[        ] 	at org.gradle.execution.taskgraph.
DefaultTaskExecutionGraph$InvokeNodeExecutorsA
ction.execute(DefaultTaskExecutionGraph.java:3
18)
[        ] 	at org.gradle.execution.taskgraph.
DefaultTaskExecutionGraph$BuildOperationAwareE
xecutionAction.lambda$execute$0(DefaultTaskExe
cutionGraph.java:314)
[        ] 	at org.gradle.internal.operations.
CurrentBuildOperationRef.with(CurrentBuildOper
ationRef.java:80)
[        ] 	at org.gradle.execution.taskgraph.
DefaultTaskExecutionGraph$BuildOperationAwareE
xecutionAction.execute(DefaultTaskExecutionGra
ph.java:314)
[        ] 	at org.gradle.execution.taskgraph.
DefaultTaskExecutionGraph$BuildOperationAwareE
xecutionAction.execute(DefaultTaskExecutionGra
ph.java:303)
[        ] 	at org.gradle.execution.plan.Defau
ltPlanExecutor$ExecutorWorker.execute(DefaultP
lanExecutor.java:463)
[        ] 	at org.gradle.execution.plan.Defau
ltPlanExecutor$ExecutorWorker.run(DefaultPlanE
xecutor.java:380)
[        ] 	at org.gradle.internal.concurrent.
ExecutorPolicy$CatchAndRecordFailures.onExecut
e(ExecutorPolicy.java:64)
[        ] 	at org.gradle.internal.concurrent.
AbstractManagedExecutor$1.run(AbstractManagedE
xecutor.java:47)
[        ] 	at java.base/java.util.concurrent.
ThreadPoolExecutor.runWorker(Unknown Source)
[        ] 	at java.base/java.util.concurrent.
ThreadPoolExecutor$Worker.run(Unknown Source)
[        ] 	at 
java.base/java.lang.Thread.run(Unknown Source)
[        ] Caused by: org.gradle.api.internal.
artifacts.transform.TransformException: 
Execution failed for JdkImageTransform: C:\Use
rs\deshm\AppData\Local\Android\Sdk\platforms\a
ndroid-34\core-for-system-modules.jar.
[        ] 	at org.gradle.api.internal.artifac
ts.transform.DefaultTransformInvocationFactory
.lambda$createInvocation$1(DefaultTransformInv
ocationFactory.java:116)
[        ] 	at org.gradle.internal.Try$Failure
.mapFailure(Try.java:273)
[        ] 	at org.gradle.api.internal.artifac
ts.transform.DefaultTransformInvocationFactory
.lambda$createInvocation$2(DefaultTransformInv
ocationFactory.java:116)
[        ] 	at org.gradle.internal.Deferrable$
1.applyAndRequireNonNull(Deferrable.java:63)
[        ] 	at org.gradle.internal.Deferrable$
1.completeAndGet(Deferrable.java:59)
[        ] 	at org.gradle.internal.Deferrable$
1.completeAndGet(Deferrable.java:59)
[        ] 	at org.gradle.api.internal.artifac
ts.transform.TransformingAsyncArtifactListener
$TransformedArtifact.finalizeValue(Transformin
gAsyncArtifactListener.java:209)
[        ] 	at org.gradle.api.internal.artifac
ts.transform.TransformingAsyncArtifactListener
$TransformedArtifact.run(TransformingAsyncArti
factListener.java:147)
[        ] 	at org.gradle.internal.operations.
DefaultBuildOperationRunner$2.execute(DefaultB
uildOperationRunner.java:66)
[        ] 	at org.gradle.internal.operations.
DefaultBuildOperationRunner$2.execute(DefaultB
uildOperationRunner.java:59)
[        ] 	at org.gradle.internal.operations.
DefaultBuildOperationRunner.execute(DefaultBui
ldOperationRunner.java:157)
[        ] 	at org.gradle.internal.operations.
DefaultBuildOperationRunner.execute(DefaultBui
ldOperationRunner.java:59)
[        ] 	at org.gradle.internal.operations.
DefaultBuildOperationExecutor$QueueWorker.exec
ute(DefaultBuildOperationExecutor.java:238)
[        ] 	at org.gradle.internal.operations.
DefaultBuildOperationQueue$WorkerRunnable.runO
peration(DefaultBuildOperationQueue.java:272)
[        ] 	at org.gradle.internal.operations.
DefaultBuildOperationQueue$WorkerRunnable.doRu
nBatch(DefaultBuildOperationQueue.java:253)
[        ] 	at org.gradle.internal.operations.
DefaultBuildOperationQueue$WorkerRunnable.lamb
da$runBatch$0(DefaultBuildOperationQueue.java:
238)
[        ] 	at org.gradle.internal.resources.A
bstractResourceLockRegistry.whileDisallowingLo
ckChanges(AbstractResourceLockRegistry.java:50
)
[        ] 	at org.gradle.internal.work.Defaul
tWorkerLeaseService.whileDisallowingProjectLoc
kChanges(DefaultWorkerLeaseService.java:236)
[        ] 	at org.gradle.internal.operations.
DefaultBuildOperationQueue$WorkerRunnable.lamb
da$runBatch$1(DefaultBuildOperationQueue.java:
238)
[        ] 	at org.gradle.internal.work.Defaul
tWorkerLeaseService.runAsWorkerThread(DefaultW
orkerLeaseService.java:126)
[        ] 	at org.gradle.internal.operations.
DefaultBuildOperationQueue$WorkerRunnable.runB
atch(DefaultBuildOperationQueue.java:224)
[        ] 	at org.gradle.internal.operations.
DefaultBuildOperationQueue$WorkerRunnable.run(
DefaultBuildOperationQueue.java:192)
[        ] 	at org.gradle.internal.operations.
DefaultBuildOperationQueue.waitForCompletion(D
efaultBuildOperationQueue.java:105)
[        ] 	at org.gradle.internal.operations.
DefaultBuildOperationExecutor.executeInParalle
l(DefaultBuildOperationExecutor.java:143)
[        ] 	at org.gradle.internal.operations.
DefaultBuildOperationExecutor.runAll(DefaultBu
ildOperationExecutor.java:102)
[        ] 	at org.gradle.api.internal.artifac
ts.ivyservice.resolveengine.artifact.ParallelR
esolveArtifactSet$VisitingSet.visit(ParallelRe
solveArtifactSet.java:66)
[        ] 	... 116 more
[        ] Caused by: org.gradle.internal.oper
ations.BuildOperationInvocationException: 
Error while executing process C:\Program 
Files\Android\Android 
Studio\jbr\bin\jlink.exe with arguments 
{--module-path C:\Users\deshm\.gradle\caches\t
ransforms-3\3da6fd6d9f9d06b627a8a32b9470b9f4\t
ransformed\output\temp\jmod --add-modules 
java.base --output C:\Users\deshm\.gradle\cach
es\transforms-3\3da6fd6d9f9d06b627a8a32b9470b9
f4\transformed\output\jdkImage 
--disable-plugin system-modules}
[        ] 	at org.gradle.internal.operations.
DefaultBuildOperationRunner.throwAsBuildOperat
ionInvocationException(DefaultBuildOperationRu
nner.java:192)
[        ] 	at org.gradle.internal.operations.
DefaultBuildOperationRunner.access$100(Default
BuildOperationRunner.java:24)
[        ] 	at org.gradle.internal.operations.
DefaultBuildOperationRunner$2.execute(DefaultB
uildOperationRunner.java:75)
[        ] 	at org.gradle.internal.operations.
DefaultBuildOperationRunner$2.execute(DefaultB
uildOperationRunner.java:59)
[        ] 	at org.gradle.internal.operations.
DefaultBuildOperationRunner.execute(DefaultBui
ldOperationRunner.java:157)
[        ] 	at org.gradle.internal.operations.
DefaultBuildOperationRunner.execute(DefaultBui
ldOperationRunner.java:59)
[        ] 	at org.gradle.internal.operations.
DefaultBuildOperationRunner.call(DefaultBuildO
perationRunner.java:53)
[        ] 	at org.gradle.internal.operations.
DefaultBuildOperationExecutor.call(DefaultBuil
dOperationExecutor.java:73)
[        ] 	at org.gradle.api.internal.artifac
ts.transform.AbstractTransformExecution.execut
eWithinTransformerListener(AbstractTransformEx
ecution.java:132)
[        ] 	at org.gradle.api.internal.artifac
ts.transform.AbstractTransformExecution.execut
e(AbstractTransformExecution.java:125)
[        ] 	at org.gradle.internal.execution.s
teps.ExecuteStep.executeInternal(ExecuteStep.j
ava:105)
[        ] 	at org.gradle.internal.execution.s
teps.ExecuteStep.access$000(ExecuteStep.java:4
4)
[        ] 	at org.gradle.internal.execution.s
teps.ExecuteStep$1.call(ExecuteStep.java:59)
[        ] 	at org.gradle.internal.execution.s
teps.ExecuteStep$1.call(ExecuteStep.java:56)
[        ] 	at org.gradle.internal.operations.
DefaultBuildOperationRunner$CallableBuildOpera
tionWorker.execute(DefaultBuildOperationRunner
.java:204)
[        ] 	at org.gradle.internal.operations.
DefaultBuildOperationRunner$CallableBuildOpera
tionWorker.execute(DefaultBuildOperationRunner
.java:199)
[        ] 	at org.gradle.internal.operations.
DefaultBuildOperationRunner$2.execute(DefaultB
uildOperationRunner.java:66)
[        ] 	at org.gradle.internal.operations.
DefaultBuildOperationRunner$2.execute(DefaultB
uildOperationRunner.java:59)
[        ] 	at org.gradle.internal.operations.
DefaultBuildOperationRunner.execute(DefaultBui
ldOperationRunner.java:157)
[        ] 	at org.gradle.internal.operations.
DefaultBuildOperationRunner.execute(DefaultBui
ldOperationRunner.java:59)
[        ] 	at org.gradle.internal.operations.
DefaultBuildOperationRunner.call(DefaultBuildO
perationRunner.java:53)
[        ] 	at org.gradle.internal.operations.
DefaultBuildOperationExecutor.call(DefaultBuil
dOperationExecutor.java:73)
[        ] 	at org.gradle.internal.execution.s
teps.ExecuteStep.execute(ExecuteStep.java:56)
[        ] 	at org.gradle.internal.execution.s
teps.ExecuteStep.execute(ExecuteStep.java:44)
[        ] 	at org.gradle.internal.execution.s
teps.RemovePreviousOutputsStep.execute(RemoveP
reviousOutputsStep.java:67)
[        ] 	at org.gradle.internal.execution.s
teps.RemovePreviousOutputsStep.execute(RemoveP
reviousOutputsStep.java:37)
[        ] 	at org.gradle.internal.execution.s
teps.CancelExecutionStep.execute(CancelExecuti
onStep.java:41)
[        ] 	at org.gradle.internal.execution.s
teps.TimeoutStep.executeWithoutTimeout(Timeout
Step.java:74)
[        ] 	at org.gradle.internal.execution.s
teps.TimeoutStep.execute(TimeoutStep.java:55)
[        ] 	at org.gradle.internal.execution.s
teps.CreateOutputsStep.execute(CreateOutputsSt
ep.java:50)
[        ] 	at org.gradle.internal.execution.s
teps.CreateOutputsStep.execute(CreateOutputsSt
ep.java:28)
[        ] 	at org.gradle.internal.execution.s
teps.CaptureStateAfterExecutionStep.executeDel
egateBroadcastingChanges(CaptureStateAfterExec
utionStep.java:100)
[        ] 	at org.gradle.internal.execution.s
teps.CaptureStateAfterExecutionStep.execute(Ca
ptureStateAfterExecutionStep.java:72)
[        ] 	at org.gradle.internal.execution.s
teps.CaptureStateAfterExecutionStep.execute(Ca
ptureStateAfterExecutionStep.java:50)
[        ] 	at org.gradle.internal.execution.s
teps.ResolveInputChangesStep.execute(ResolveIn
putChangesStep.java:40)
[        ] 	at org.gradle.internal.execution.s
teps.ResolveInputChangesStep.execute(ResolveIn
putChangesStep.java:29)
[        ] 	at org.gradle.internal.execution.s
teps.BuildCacheStep.executeWithoutCache(BuildC
acheStep.java:179)
[        ] 	at org.gradle.internal.execution.s
teps.BuildCacheStep.lambda$execute$1(BuildCach
eStep.java:70)
[        ] 	at org.gradle.internal.Either$Righ
t.fold(Either.java:175)
[        ] 	at org.gradle.internal.execution.c
aching.CachingState.fold(CachingState.java:59)
[        ] 	at org.gradle.internal.execution.s
teps.BuildCacheStep.execute(BuildCacheStep.jav
a:68)
[        ] 	at org.gradle.internal.execution.s
teps.BuildCacheStep.execute(BuildCacheStep.jav
a:46)
[        ] 	at org.gradle.internal.execution.s
teps.StoreExecutionStateStep.execute(StoreExec
utionStateStep.java:36)
[        ] 	at org.gradle.internal.execution.s
teps.StoreExecutionStateStep.execute(StoreExec
utionStateStep.java:25)
[        ] 	at org.gradle.internal.execution.s
teps.RecordOutputsStep.execute(RecordOutputsSt
ep.java:36)
[        ] 	at org.gradle.internal.execution.s
teps.RecordOutputsStep.execute(RecordOutputsSt
ep.java:22)
[        ] 	at org.gradle.internal.execution.s
teps.SkipUpToDateStep.executeBecause(SkipUpToD
ateStep.java:91)
[        ] 	at org.gradle.internal.execution.s
teps.SkipUpToDateStep.lambda$execute$2(SkipUpT
oDateStep.java:55)
[        ] 	at java.base/java.util.Optional.or
ElseGet(Unknown Source)
[        ] 	at org.gradle.internal.execution.s
teps.SkipUpToDateStep.execute(SkipUpToDateStep
.java:55)
[        ] 	at org.gradle.internal.execution.s
teps.SkipUpToDateStep.execute(SkipUpToDateStep
.java:37)
[        ] 	at org.gradle.internal.execution.s
teps.ResolveChangesStep.execute(ResolveChanges
Step.java:65)
[        ] 	at org.gradle.internal.execution.s
teps.ResolveChangesStep.execute(ResolveChanges
Step.java:36)
[        ] 	at org.gradle.internal.execution.s
teps.legacy.MarkSnapshottingInputsFinishedStep
.execute(MarkSnapshottingInputsFinishedStep.ja
va:37)
[        ] 	at org.gradle.internal.execution.s
teps.legacy.MarkSnapshottingInputsFinishedStep
.execute(MarkSnapshottingInputsFinishedStep.ja
va:27)
[        ] 	at org.gradle.internal.execution.s
teps.ResolveCachingStateStep.execute(ResolveCa
chingStateStep.java:77)
[        ] 	at org.gradle.internal.execution.s
teps.ResolveCachingStateStep.execute(ResolveCa
chingStateStep.java:38)
[        ] 	at org.gradle.internal.execution.s
teps.ValidateStep.execute(ValidateStep.java:94
)
[        ] 	at org.gradle.internal.execution.s
teps.ValidateStep.execute(ValidateStep.java:49
)
[        ] 	at org.gradle.internal.execution.s
teps.CaptureStateBeforeExecutionStep.execute(C
aptureStateBeforeExecutionStep.java:71)
[        ] 	at org.gradle.internal.execution.s
teps.CaptureStateBeforeExecutionStep.execute(C
aptureStateBeforeExecutionStep.java:45)
[        ] 	at org.gradle.internal.execution.s
teps.SkipEmptyWorkStep.executeWithNonEmptySour
ces(SkipEmptyWorkStep.java:177)
[        ] 	at org.gradle.internal.execution.s
teps.SkipEmptyWorkStep.execute(SkipEmptyWorkSt
ep.java:81)
[        ] 	at org.gradle.internal.execution.s
teps.SkipEmptyWorkStep.execute(SkipEmptyWorkSt
ep.java:53)
[        ] 	at org.gradle.internal.execution.s
teps.RemoveUntrackedExecutionStateStep.execute
(RemoveUntrackedExecutionStateStep.java:32)
[        ] 	at org.gradle.internal.execution.s
teps.RemoveUntrackedExecutionStateStep.execute
(RemoveUntrackedExecutionStateStep.java:21)
[        ] 	at org.gradle.internal.execution.s
teps.legacy.MarkSnapshottingInputsStartedStep.
execute(MarkSnapshottingInputsStartedStep.java
:38)
[        ] 	at org.gradle.internal.execution.s
teps.LoadPreviousExecutionStateStep.execute(Lo
adPreviousExecutionStateStep.java:36)
[        ] 	at org.gradle.internal.execution.s
teps.LoadPreviousExecutionStateStep.execute(Lo
adPreviousExecutionStateStep.java:23)
[        ] 	at org.gradle.internal.execution.s
teps.CleanupStaleOutputsStep.execute(CleanupSt
aleOutputsStep.java:75)
[        ] 	at org.gradle.internal.execution.s
teps.CleanupStaleOutputsStep.execute(CleanupSt
aleOutputsStep.java:41)
[        ] 	at org.gradle.internal.execution.s
teps.ExecuteWorkBuildOperationFiringStep.lambd
a$execute$0(ExecuteWorkBuildOperationFiringSte
p.java:52)
[        ] 	at org.gradle.internal.execution.s
teps.BuildOperationStep$1.call(BuildOperationS
tep.java:37)
[        ] 	at org.gradle.internal.operations.
DefaultBuildOperationRunner$CallableBuildOpera
tionWorker.execute(DefaultBuildOperationRunner
.java:204)
[        ] 	at org.gradle.internal.operations.
DefaultBuildOperationRunner$CallableBuildOpera
tionWorker.execute(DefaultBuildOperationRunner
.java:199)
[        ] 	at org.gradle.internal.operations.
DefaultBuildOperationRunner$2.execute(DefaultB
uildOperationRunner.java:66)
[        ] 	at org.gradle.internal.operations.
DefaultBuildOperationRunner$2.execute(DefaultB
uildOperationRunner.java:59)
[        ] 	at org.gradle.internal.operations.
DefaultBuildOperationRunner.execute(DefaultBui
ldOperationRunner.java:157)
[        ] 	at org.gradle.internal.operations.
DefaultBuildOperationRunner.execute(DefaultBui
ldOperationRunner.java:59)
[        ] 	at org.gradle.internal.operations.
DefaultBuildOperationRunner.call(DefaultBuildO
perationRunner.java:53)
[        ] 	at org.gradle.internal.operations.
DefaultBuildOperationExecutor.call(DefaultBuil
dOperationExecutor.java:73)
[        ] 	at org.gradle.internal.execution.s
teps.BuildOperationStep.operation(BuildOperati
onStep.java:34)
[        ] 	at org.gradle.internal.execution.s
teps.ExecuteWorkBuildOperationFiringStep.lambd
a$execute$1(ExecuteWorkBuildOperationFiringSte
p.java:50)
[        ] 	at 
java.base/java.util.Optional.map(Unknown 
Source)
[        ] 	at org.gradle.internal.execution.s
teps.ExecuteWorkBuildOperationFiringStep.execu
te(ExecuteWorkBuildOperationFiringStep.java:50
)
[        ] 	at org.gradle.internal.execution.s
teps.ExecuteWorkBuildOperationFiringStep.execu
te(ExecuteWorkBuildOperationFiringStep.java:38
)
[        ] 	at org.gradle.internal.execution.s
teps.AssignWorkspaceStep.lambda$execute$0(Assi
gnWorkspaceStep.java:32)
[        ] 	at org.gradle.internal.execution.w
orkspace.impl.DefaultImmutableWorkspaceProvide
r.lambda$withWorkspace$3(DefaultImmutableWorks
paceProvider.java:140)
[        ] 	at org.gradle.cache.internal.LockO
nDemandCrossProcessCacheAccess.withFileLock(Lo
ckOnDemandCrossProcessCacheAccess.java:90)
[        ] 	at org.gradle.cache.internal.Defau
ltCacheCoordinator.withFileLock(DefaultCacheCo
ordinator.java:219)
[        ] 	at org.gradle.cache.internal.Defau
ltPersistentDirectoryStore.withFileLock(Defaul
tPersistentDirectoryStore.java:179)
[        ] 	at org.gradle.cache.internal.Defau
ltCacheFactory$ReferenceTrackingCache.withFile
Lock(DefaultCacheFactory.java:214)
[        ] 	at org.gradle.internal.execution.w
orkspace.impl.DefaultImmutableWorkspaceProvide
r.withWorkspace(DefaultImmutableWorkspaceProvi
der.java:137)
[        ] 	at org.gradle.internal.execution.s
teps.AssignWorkspaceStep.execute(AssignWorkspa
ceStep.java:30)
[        ] 	at org.gradle.internal.execution.s
teps.AssignWorkspaceStep.execute(AssignWorkspa
ceStep.java:21)
[        ] 	at org.gradle.internal.execution.s
teps.IdentityCacheStep.execute(IdentityCacheSt
ep.java:37)
[        ] 	at org.gradle.internal.execution.s
teps.IdentityCacheStep.lambda$executeDeferred$
0(IdentityCacheStep.java:49)
[        ] 36 actionable tasks: 1 executed, 35 up-to-date
[        ] Watched directory hierarchies: [C:\flutter\packages\flutter_tools\gradle]
[        ] 	at org.gradle.cache.Cache.lambda$g
et$0(Cache.java:31)
[        ] 	at java.base/java.util.concurrent.
ConcurrentHashMap.computeIfAbsent(Unknown 
Source)
[        ] 	at org.gradle.cache.ManualEviction
InMemoryCache.get(ManualEvictionInMemoryCache.
java:30)
[        ] 	at org.gradle.cache.internal.Defau
ltCrossBuildInMemoryCacheFactory$CrossBuildCac
heRetainingDataFromPreviousBuild.get(DefaultCr
ossBuildInMemoryCacheFactory.java:255)
[        ] 	at 
org.gradle.cache.Cache.get(Cache.java:31)
[        ] 	at org.gradle.internal.execution.s
teps.IdentityCacheStep.lambda$executeDeferred$
1(IdentityCacheStep.java:47)
[        ] 	at org.gradle.internal.Deferrable$
3.completeAndGet(Deferrable.java:117)
[        ] 	... 138 more
[        ] Caused by: com.android.ide.common.p
rocess.ProcessException: Error while 
executing process C:\Program 
Files\Android\Android 
Studio\jbr\bin\jlink.exe with arguments 
{--module-path C:\Users\deshm\.gradle\caches\t
ransforms-3\3da6fd6d9f9d06b627a8a32b9470b9f4\t
ransformed\output\temp\jmod --add-modules 
java.base --output C:\Users\deshm\.gradle\cach
es\transforms-3\3da6fd6d9f9d06b627a8a32b9470b9
f4\transformed\output\jdkImage 
--disable-plugin system-modules}
[        ] 	at com.android.build.gradle.intern
al.process.GradleProcessResult.buildProcessExc
eption(GradleProcessResult.java:73)
[        ] 	at com.android.build.gradle.intern
al.process.GradleProcessResult.assertNormalExi
tValue(GradleProcessResult.java:48)
[        ] 	at com.android.build.gradle.intern
al.dependency.JdkTools.linkJmodsIntoJdkImage(J
dkImageTransformDelegate.kt:253)
[        ] 	at com.android.build.gradle.intern
al.dependency.JdkImageTransformDelegate.run(Jd
kImageTransformDelegate.kt:61)
[        ] 	at com.android.build.gradle.intern
al.dependency.JdkImageTransform.transform(JdkI
mageTransform.kt:81)
[        ] 	at org.gradle.api.internal.artifac
ts.transform.DefaultTransform.transform(Defaul
tTransform.java:273)
[        ] 	at org.gradle.api.internal.artifac
ts.transform.AbstractTransformExecution$2.call
(AbstractTransformExecution.java:138)
[        ] 	at org.gradle.api.internal.artifac
ts.transform.AbstractTransformExecution$2.call
(AbstractTransformExecution.java:132)
[        ] 	at org.gradle.internal.operations.
DefaultBuildOperationRunner$CallableBuildOpera
tionWorker.execute(DefaultBuildOperationRunner
.java:204)
[        ] 	at org.gradle.internal.operations.
DefaultBuildOperationRunner$CallableBuildOpera
tionWorker.execute(DefaultBuildOperationRunner
.java:199)
[        ] 	at org.gradle.internal.operations.
DefaultBuildOperationRunner$2.execute(DefaultB
uildOperationRunner.java:66)
[        ] 	... 239 more
[        ] Caused by: 
org.gradle.process.internal.ExecException: 
Process 'command 'C:\Program 
Files\Android\Android 
Studio\jbr\bin\jlink.exe'' finished with 
non-zero exit value 1
[        ] 	at org.gradle.process.internal.Def
aultExecHandle$ExecResultImpl.assertNormalExit
Value(DefaultExecHandle.java:431)
[        ] 	at com.android.build.gradle.intern
al.process.GradleProcessResult.assertNormalExi
tValue(GradleProcessResult.java:46)
[        ] 	... 248 more
[        ] BUILD FAILED in 5s
[ +559 ms] Running Gradle task 'assembleRelease'... (completed in 6.4s)
[  +23 ms] "flutter apk" took 8,099ms.
[  +33 ms] Gradle task assembleRelease failed 
with exit code 1
[        ] 
           #0      throwToolExit (package:flut
ter_tools/src/base/common.dart:10:3)
           #1      
AndroidGradleBuilder.buildGradleApp (package:f
lutter_tools/src/android/gradle.dart:500:9)
           <asynchronous suspension>
           #2      
AndroidGradleBuilder.buildApk (package:flutter
_tools/src/android/gradle.dart:224:5)
           <asynchronous suspension>
           #3      BuildApkCommand.runCommand 
(package:flutter_tools/src/commands/build_apk.
dart:141:5)
           <asynchronous suspension>
           #4      
FlutterCommand.run.<anonymous closure> (packag
e:flutter_tools/src/runner/flutter_command.dar
t:1408:27)
           <asynchronous suspension>
           #5      AppContext.run.<anonymous 
closure> (package:flutter_tools/src/base/conte
xt.dart:153:19)
           <asynchronous suspension>
           #6      CommandRunner.runCommand 
(package:args/command_runner.dart:212:13)
           <asynchronous suspension>
           #7      
FlutterCommandRunner.runCommand.<anonymous 
closure> (package:flutter_tools/src/runner/flu
tter_command_runner.dart:420:9)
           <asynchronous suspension>
           #8      AppContext.run.<anonymous 
closure> (package:flutter_tools/src/base/conte
xt.dart:153:19)
           <asynchronous suspension>
           #9      
FlutterCommandRunner.runCommand (package:flutt
er_tools/src/runner/flutter_command_runner.dar
t:364:5)
           <asynchronous suspension>
           #10     run.<anonymous 
closure>.<anonymous closure> 
(package:flutter_tools/runner.dart:130:9)
           <asynchronous suspension>
           #11     AppContext.run.<anonymous 
closure> (package:flutter_tools/src/base/conte
xt.dart:153:19)
           <asynchronous suspension>
           #12     main 
(package:flutter_tools/executable.dart:93:3)
           <asynchronous suspension>


[ +148 ms] ensureAnalyticsSent: 145ms
[        ] Running 1 shutdown hook
[        ] Shutdown hooks complete
[ +276 ms] exiting with code 1
